Using pre-set license
Built from '2021.3/staging' branch; Version is '2021.3.8f1 (b30333d56e81) revision 11731763'; Using compiler version '192829333'; Build Type 'Release'
OS: 'Windows 10  (10.0.19044) 64bit Professional' Language: 'ko' Physical Memory: 16318 MB
BatchMode: 1, IsHumanControllingUs: 0, StartBugReporterOnCrash: 0, Is64bit: 1, IsPro: 1

COMMAND LINE ARGUMENTS:
D:\Program Files\Unity\Hub\Editor\2021.3.8f1\Editor\Unity.exe
-adb2
-batchMode
-noUpm
-name
AssetImportWorker5
-projectPath
D:/문서2/GitHub/GGE_Farm
-logFile
Logs/AssetImportWorker5.log
-srvPort
57365
Successfully changed project path to: D:/문서2/GitHub/GGE_Farm
D:/문서2/GitHub/GGE_Farm
[UnityMemory] Configuration Parameters - Can be set up in boot.config
    "memorysetup-bucket-allocator-granularity=16"
    "memorysetup-bucket-allocator-bucket-count=8"
    "memorysetup-bucket-allocator-block-size=33554432"
    "memorysetup-bucket-allocator-block-count=8"
    "memorysetup-main-allocator-block-size=16777216"
    "memorysetup-thread-allocator-block-size=16777216"
    "memorysetup-gfx-main-allocator-block-size=16777216"
    "memorysetup-gfx-thread-allocator-block-size=16777216"
    "memorysetup-cache-allocator-block-size=4194304"
    "memorysetup-typetree-allocator-block-size=2097152"
    "memorysetup-profiler-bucket-allocator-granularity=16"
    "memorysetup-profiler-bucket-allocator-bucket-count=8"
    "memorysetup-profiler-bucket-allocator-block-size=33554432"
    "memorysetup-profiler-bucket-allocator-block-count=8"
    "memorysetup-profiler-allocator-block-size=16777216"
    "memorysetup-profiler-editor-allocator-block-size=1048576"
    "memorysetup-temp-allocator-size-main=16777216"
    "memorysetup-job-temp-allocator-block-size=2097152"
    "memorysetup-job-temp-allocator-block-size-background=1048576"
    "memorysetup-job-temp-allocator-reduction-small-platforms=262144"
    "memorysetup-temp-allocator-size-background-worker=32768"
    "memorysetup-temp-allocator-size-job-worker=262144"
    "memorysetup-temp-allocator-size-preload-manager=33554432"
    "memorysetup-temp-allocator-size-nav-mesh-worker=65536"
    "memorysetup-temp-allocator-size-audio-worker=65536"
    "memorysetup-temp-allocator-size-cloud-worker=32768"
    "memorysetup-temp-allocator-size-gi-baking-worker=262144"
    "memorysetup-temp-allocator-size-gfx=262144"
Refreshing native plugins compatible for Editor in 123.58 ms, found 5 plugins.
Preloading 0 native plugins for Editor in 0.00 ms.
Initialize engine version: 2021.3.8f1 (b30333d56e81)
[Subsystems] Discovering subsystems at path D:/Program Files/Unity/Hub/Editor/2021.3.8f1/Editor/Data/Resources/UnitySubsystems
[Subsystems] Discovering subsystems at path D:/문서2/GitHub/GGE_Farm/Assets
GfxDevice: creating device client; threaded=0; jobified=0
Direct3D:
    Version:  Direct3D 11.0 [level 11.1]
    Renderer: NVIDIA GeForce GTX 1060 3GB (ID=0x1c02)
    Vendor:   NVIDIA
    VRAM:     2988 MB
    Driver:   31.0.15.1694
Initialize mono
Mono path[0] = 'D:/Program Files/Unity/Hub/Editor/2021.3.8f1/Editor/Data/Managed'
Mono path[1] = 'D:/Program Files/Unity/Hub/Editor/2021.3.8f1/Editor/Data/MonoBleedingEdge/lib/mono/unityjit-win32'
Mono config path = 'D:/Program Files/Unity/Hub/Editor/2021.3.8f1/Editor/Data/MonoBleedingEdge/etc'
Using monoOptions --debugger-agent=transport=dt_socket,embedding=1,server=y,suspend=n,address=127.0.0.1:56956
Begin MonoManager ReloadAssembly
Registering precompiled unity dll's ...
Register platform support module: D:/Program Files/Unity/Hub/Editor/2021.3.8f1/Editor/Data/PlaybackEngines/WindowsStandaloneSupport/UnityEditor.WindowsStandalone.Extensions.dll
Registered in 0.004058 seconds.
Native extension for WindowsStandalone target not found
Refreshing native plugins compatible for Editor in 103.49 ms, found 5 plugins.
Preloading 0 native plugins for Editor in 0.00 ms.
Mono: successfully reloaded assembly
- Completed reload, in  0.593 seconds
Domain Reload Profiling:
	ReloadAssembly (593ms)
		BeginReloadAssembly (78ms)
			ExecutionOrderSort (0ms)
			DisableScriptedObjects (0ms)
			BackupInstance (0ms)
			ReleaseScriptingObjects (0ms)
			CreateAndSetChildDomain (1ms)
		EndReloadAssembly (420ms)
			LoadAssemblies (78ms)
			RebuildTransferFunctionScriptingTraits (0ms)
			SetupTypeCache (95ms)
			ReleaseScriptCaches (0ms)
			RebuildScriptCaches (24ms)
			SetupLoadedEditorAssemblies (257ms)
				LogAssemblyErrors (0ms)
				InitializePlatformSupportModulesInManaged (6ms)
				SetLoadedEditorAssemblies (0ms)
				RefreshPlugins (104ms)
				BeforeProcessingInitializeOnLoad (1ms)
				ProcessInitializeOnLoadAttributes (106ms)
				ProcessInitializeOnLoadMethodAttributes (41ms)
				AfterProcessingInitializeOnLoad (0ms)
				EditorAssembliesLoaded (0ms)
			ExecutionOrderSort2 (0ms)
			AwakeInstancesAfterBackupRestoration (0ms)
Platform modules already initialized, skipping
Registering precompiled user dll's ...
Registered in 0.006998 seconds.
Begin MonoManager ReloadAssembly
Symbol file LoadedFromMemory doesn't match image D:\문서2\GitHub\GGE_Farm\Library\PackageCache\com.unity.visualscripting@1.7.8\Editor\VisualScripting.Core\Dependencies\YamlDotNet\Unity.VisualScripting.YamlDotNet.dll
Symbol file LoadedFromMemory doesn't match image D:\문서2\GitHub\GGE_Farm\Library\PackageCache\com.unity.visualscripting@1.7.8\Editor\VisualScripting.Core\Dependencies\DotNetZip\Unity.VisualScripting.IonicZip.dll
Native extension for WindowsStandalone target not found
Refreshing native plugins compatible for Editor in 119.06 ms, found 5 plugins.
Preloading 0 native plugins for Editor in 0.00 ms.
Mono: successfully reloaded assembly
- Completed reload, in  1.281 seconds
Domain Reload Profiling:
	ReloadAssembly (1281ms)
		BeginReloadAssembly (116ms)
			ExecutionOrderSort (0ms)
			DisableScriptedObjects (5ms)
			BackupInstance (0ms)
			ReleaseScriptingObjects (0ms)
			CreateAndSetChildDomain (18ms)
		EndReloadAssembly (1082ms)
			LoadAssemblies (110ms)
			RebuildTransferFunctionScriptingTraits (0ms)
			SetupTypeCache (278ms)
			ReleaseScriptCaches (1ms)
			RebuildScriptCaches (79ms)
			SetupLoadedEditorAssemblies (580ms)
				LogAssemblyErrors (0ms)
				InitializePlatformSupportModulesInManaged (12ms)
				SetLoadedEditorAssemblies (0ms)
				RefreshPlugins (119ms)
				BeforeProcessingInitializeOnLoad (128ms)
				ProcessInitializeOnLoadAttributes (239ms)
				ProcessInitializeOnLoadMethodAttributes (80ms)
				AfterProcessingInitializeOnLoad (3ms)
				EditorAssembliesLoaded (0ms)
			ExecutionOrderSort2 (0ms)
			AwakeInstancesAfterBackupRestoration (6ms)
Platform modules already initialized, skipping
========================================================================
Worker process is ready to serve import requests
Switching render pipeline 00000000000000000000000000000000 -> e1260c1148f6143b28bae5ace5e9c5d1
Launched and connected shader compiler UnityShaderCompiler.exe after 0.04 seconds
Refreshing native plugins compatible for Editor in 1.04 ms, found 5 plugins.
Preloading 0 native plugins for Editor in 0.00 ms.
Unloading 5424 Unused Serialized files (Serialized files now loaded: 0)
Unloading 54 unused Assets / (1.9 MB). Loaded Objects now: 5869.
Memory consumption went from 223.8 MB to 221.9 MB.
Total: 5.549100 ms (FindLiveObjects: 0.439900 ms CreateObjectMapping: 0.424200 ms MarkObjects: 4.089700 ms  DeleteObjects: 0.594500 ms)

AssetImportParameters requested are different than current active one (requested -> active):
  custom:video-decoder-ogg-theora: a1e56fd34408186e4bbccfd4996cb3dc -> 
  custom:container-muxer-webm: aa71ff27fc2769a1b78a27578f13a17b -> 
  custom:container-demuxer-webm: 4f35f7cbe854078d1ac9338744f61a02 -> 
  custom:video-encoder-webm-vp8: eb34c28f22e8b96e1ab97ce403110664 -> 
  custom:audio-encoder-webm-vorbis: bf7c407c2cedff20999df2af8eb42d56 -> 
  custom:framework-win-MediaFoundation: 216162199b28c13a410421893ffa2e32 -> 
  custom:container-demuxer-ogg: 62fdf1f143b41e24485cea50d1cbac27 -> 
  custom:video-decoder-webm-vp8: 9c59270c3fd7afecdb556c50c9e8de78 -> 
  custom:audio-decoder-ogg-vorbis: bf7c407c2cedff20999df2af8eb42d56 -> 
========================================================================
Received Import Request.
  Time since last request: 63619.928975 seconds.
  path: Assets/Asset/Shader/Volumetric.mat
  artifactKey: Guid(946bbcc0c8cc0334794c7a80540f0daf) Importer(815301076,1909f56bfc062723c751e8b465ee728b)
Start importing Assets/Asset/Shader/Volumetric.mat using Guid(946bbcc0c8cc0334794c7a80540f0daf) Importer(815301076,1909f56bfc062723c751e8b465ee728b)  -> (artifact id: 'b11c9da7745a4985521dea34c3f88ce3') in 1.551120 seconds 
========================================================================
Received Import Request.
  Time since last request: 2.041155 seconds.
  path: Assets/_TerrainAutoUpgrade/layer_grass3d3aba195e4d26ee.terrainlayer
  artifactKey: Guid(a748914050df5eb48833eeba51533f2d) Importer(815301076,1909f56bfc062723c751e8b465ee728b)
Start importing Assets/_TerrainAutoUpgrade/layer_grass3d3aba195e4d26ee.terrainlayer using Guid(a748914050df5eb48833eeba51533f2d) Importer(815301076,1909f56bfc062723c751e8b465ee728b)  -> (artifact id: 'a8b2ac421144b328f14177c5c8cee038') in 0.039696 seconds 
========================================================================
Received Import Request.
  Time since last request: 2.789488 seconds.
  path: Assets/Shader/move.shadersubgraph
  artifactKey: Guid(78004cd0c3a9b4b4fb20d1b1e88fe704) Importer(815301076,1909f56bfc062723c751e8b465ee728b)
Start importing Assets/Shader/move.shadersubgraph using Guid(78004cd0c3a9b4b4fb20d1b1e88fe704) Importer(815301076,1909f56bfc062723c751e8b465ee728b)  -> (artifact id: 'f8333ec14fd87fad9e365d40820ce922') in 0.004602 seconds 
========================================================================
Received Import Request.
  Time since last request: 0.000030 seconds.
  path: Assets/Shader/River.mat
  artifactKey: Guid(51954e85b4ed18f4e9bfa462d9c8ade5) Importer(815301076,1909f56bfc062723c751e8b465ee728b)
Start importing Assets/Shader/River.mat using Guid(51954e85b4ed18f4e9bfa462d9c8ade5) Importer(815301076,1909f56bfc062723c751e8b465ee728b)  -> (artifact id: 'f989646a0719f1a835041561df68f7c6') in 0.020353 seconds 
========================================================================
Received Import Request.
  Time since last request: 427.722717 seconds.
  path: Assets/Asset/Prefab/Basket.prefab
  artifactKey: Guid(3e1e22a7353bec842bca78785697accf) Importer(815301076,1909f56bfc062723c751e8b465ee728b)
Start importing Assets/Asset/Prefab/Basket.prefab using Guid(3e1e22a7353bec842bca78785697accf) Importer(815301076,1909f56bfc062723c751e8b465ee728b)  -> (artifact id: '7d9044b0ce2ac34e59240fb00b210d0a') in 0.053211 seconds 
========================================================================
Received Import Request.
  Time since last request: 0.000024 seconds.
  path: Assets/Asset/Mesh/Basket.fbx
  artifactKey: Guid(ac0372467ac5ee544ad70a61ea78b89a) Importer(815301076,1909f56bfc062723c751e8b465ee728b)
Start importing Assets/Asset/Mesh/Basket.fbx using Guid(ac0372467ac5ee544ad70a61ea78b89a) Importer(815301076,1909f56bfc062723c751e8b465ee728b)  -> (artifact id: '0679da1711e399362fd2caeb9ff39ab4') in 0.227679 seconds 
========================================================================
Received Import Request.
  Time since last request: 0.000027 seconds.
  path: Assets/Asset/Mesh/Cube_Tree.fbx
  artifactKey: Guid(6461d58343b27cd43b9241c0c5c3637a) Importer(815301076,1909f56bfc062723c751e8b465ee728b)
Start importing Assets/Asset/Mesh/Cube_Tree.fbx using Guid(6461d58343b27cd43b9241c0c5c3637a) Importer(815301076,1909f56bfc062723c751e8b465ee728b)  -> (artifact id: '7824f01ed3f16275f1b2434532c02232') in 0.136134 seconds 
========================================================================
Received Import Request.
  Time since last request: 0.000029 seconds.
  path: Assets/GradientSkybox-master/Assets/Test Scenes/Linear Multiple Color/Skybox.mat
  artifactKey: Guid(bdf0e917195d84540a28f784f72c4d87) Importer(815301076,1909f56bfc062723c751e8b465ee728b)
Start importing Assets/GradientSkybox-master/Assets/Test Scenes/Linear Multiple Color/Skybox.mat using Guid(bdf0e917195d84540a28f784f72c4d87) Importer(815301076,1909f56bfc062723c751e8b465ee728b)  -> (artifact id: 'f0f8057686a7e8176992ac1cb8745544') in 0.014717 seconds 
========================================================================
Received Import Request.
  Time since last request: 0.000035 seconds.
  path: Assets/ZoneEffect/Assets/Materials/FantasySkybox.mat
  artifactKey: Guid(02b47cdc2b2d40645824175089d504e8) Importer(815301076,1909f56bfc062723c751e8b465ee728b)
Start importing Assets/ZoneEffect/Assets/Materials/FantasySkybox.mat using Guid(02b47cdc2b2d40645824175089d504e8) Importer(815301076,1909f56bfc062723c751e8b465ee728b)  -> (artifact id: 'bce04a2a691105cfa6ac02b093409b1a') in 0.016375 seconds 
========================================================================
Received Import Request.
  Time since last request: 0.000019 seconds.
  path: Assets/JMO Assets/Cartoon FX (legacy)/Textures/CFX3_T_Skull.png
  artifactKey: Guid(6c1c207199cd6d044858440b08f67726) Importer(815301076,1909f56bfc062723c751e8b465ee728b)
Start importing Assets/JMO Assets/Cartoon FX (legacy)/Textures/CFX3_T_Skull.png using Guid(6c1c207199cd6d044858440b08f67726) Importer(815301076,1909f56bfc062723c751e8b465ee728b)  -> (artifact id: '7a3732db2736df04e2a69e0596305606') in 0.030571 seconds 
========================================================================
Received Import Request.
  Time since last request: 0.000035 seconds.
  path: Assets/JMO Assets/Cartoon FX (legacy)/Materials/Misc/CFX_Skull.mat
  artifactKey: Guid(24c8b679c66c15248a42885dddffc9e5) Importer(815301076,1909f56bfc062723c751e8b465ee728b)
Start importing Assets/JMO Assets/Cartoon FX (legacy)/Materials/Misc/CFX_Skull.mat using Guid(24c8b679c66c15248a42885dddffc9e5) Importer(815301076,1909f56bfc062723c751e8b465ee728b)  -> (artifact id: '6edbce058b2c2ccb3ef763bf998605c5') in 0.014835 seconds 
========================================================================
Received Import Request.
  Time since last request: 0.000028 seconds.
  path: Assets/JMO Assets/Cartoon FX Remaster/CFXR Assets/Graphics/cfxr skull outer outline ab.mat
  artifactKey: Guid(5638a7e47b8a65a42aa1d63e2a59f925) Importer(815301076,1909f56bfc062723c751e8b465ee728b)
Start importing Assets/JMO Assets/Cartoon FX Remaster/CFXR Assets/Graphics/cfxr skull outer outline ab.mat using Guid(5638a7e47b8a65a42aa1d63e2a59f925) Importer(815301076,1909f56bfc062723c751e8b465ee728b)  -> (artifact id: '942c73a21016880a7d343c59d9108f85') in 0.113129 seconds 
========================================================================
Received Import Request.
  Time since last request: 0.000030 seconds.
  path: Assets/JMO Assets/Cartoon FX Remaster/CFXR Prefabs/Eerie/CFXR2 Skull Head Alt.prefab
  artifactKey: Guid(463cf9f7af4680240898f6aeba3fe3e6) Importer(815301076,1909f56bfc062723c751e8b465ee728b)
Start importing Assets/JMO Assets/Cartoon FX Remaster/CFXR Prefabs/Eerie/CFXR2 Skull Head Alt.prefab using Guid(463cf9f7af4680240898f6aeba3fe3e6) Importer(815301076,1909f56bfc062723c751e8b465ee728b)  -> (artifact id: '7672c1de66c009191e05732587c6f596') in 0.113878 seconds 
========================================================================
Received Import Request.
  Time since last request: 0.000027 seconds.
  path: Assets/JMO Assets/Cartoon FX Remaster/CFXR Assets/Graphics/cfxr skull outer outline.png
  artifactKey: Guid(5f1b8589804ad594e98c1773d82cb6ec) Importer(815301076,1909f56bfc062723c751e8b465ee728b)
Start importing Assets/JMO Assets/Cartoon FX Remaster/CFXR Assets/Graphics/cfxr skull outer outline.png using Guid(5f1b8589804ad594e98c1773d82cb6ec) Importer(815301076,1909f56bfc062723c751e8b465ee728b)  -> (artifact id: '46821a6e29aaf5264c955f1cf62876ea') in 0.015364 seconds 
========================================================================
Received Import Request.
  Time since last request: 0.000044 seconds.
  path: Assets/JMO Assets/Cartoon FX (legacy)/Textures/CFX2_T_SkullStretch.png
  artifactKey: Guid(768b0970ee4daaf4c9da3b88a3642814) Importer(815301076,1909f56bfc062723c751e8b465ee728b)
Start importing Assets/JMO Assets/Cartoon FX (legacy)/Textures/CFX2_T_SkullStretch.png using Guid(768b0970ee4daaf4c9da3b88a3642814) Importer(815301076,1909f56bfc062723c751e8b465ee728b)  -> (artifact id: '18df17986dfa7f5798b383d8acc08b07') in 0.012181 seconds 
========================================================================
Received Import Request.
  Time since last request: 0.000026 seconds.
  path: Assets/JMO Assets/Cartoon FX Remaster/CFXR Assets/Graphics/cfxr sword trail mask plain.png
  artifactKey: Guid(647dd2d88112fc1439dff973d45dfe75) Importer(815301076,1909f56bfc062723c751e8b465ee728b)
Start importing Assets/JMO Assets/Cartoon FX Remaster/CFXR Assets/Graphics/cfxr sword trail mask plain.png using Guid(647dd2d88112fc1439dff973d45dfe75) Importer(815301076,1909f56bfc062723c751e8b465ee728b)  -> (artifact id: '4d45c3dae87f03fe16b35805633f6e12') in 0.014556 seconds 
========================================================================
Received Import Request.
  Time since last request: 0.000037 seconds.
  path: Assets/JMO Assets/Cartoon FX Remaster/CFXR Assets/Graphics/cfxr skull dissolve ab.mat
  artifactKey: Guid(16b22ff79ad97474eb609b48400ecf22) Importer(815301076,1909f56bfc062723c751e8b465ee728b)
Start importing Assets/JMO Assets/Cartoon FX Remaster/CFXR Assets/Graphics/cfxr skull dissolve ab.mat using Guid(16b22ff79ad97474eb609b48400ecf22) Importer(815301076,1909f56bfc062723c751e8b465ee728b)  -> (artifact id: '08bf8c8e240053309a301b284ce11d4b') in 0.016428 seconds 
========================================================================
Received Import Request.
  Time since last request: 0.000027 seconds.
  path: Assets/GradientSkybox-master/Assets/Test Scenes/Circular Multiple Color/Skybox.mat
  artifactKey: Guid(95858a7eacbeee145bafbedb60df708b) Importer(815301076,1909f56bfc062723c751e8b465ee728b)
Start importing Assets/GradientSkybox-master/Assets/Test Scenes/Circular Multiple Color/Skybox.mat using Guid(95858a7eacbeee145bafbedb60df708b) Importer(815301076,1909f56bfc062723c751e8b465ee728b)  -> (artifact id: 'f990d2866c471e21fc3dfce042dfcd06') in 0.410843 seconds 
========================================================================
Received Import Request.
  Time since last request: 0.000041 seconds.
  path: Assets/JMO Assets/Cartoon FX Remaster/CFXR Assets/Meshes/cfxr mesh disk.fbx
  artifactKey: Guid(7874f2765cea0a547827d03a8933235d) Importer(815301076,1909f56bfc062723c751e8b465ee728b)
Start importing Assets/JMO Assets/Cartoon FX Remaster/CFXR Assets/Meshes/cfxr mesh disk.fbx using Guid(7874f2765cea0a547827d03a8933235d) Importer(815301076,1909f56bfc062723c751e8b465ee728b)  -> (artifact id: 'a2ccab0836647cff86e96e2976524728') in 0.024749 seconds 
========================================================================
Received Import Request.
  Time since last request: 0.000027 seconds.
  path: Assets/JMO Assets/Cartoon FX (legacy)/Materials/Symbols/CFX2_SkullStretched Add.mat
  artifactKey: Guid(219882489a1df4042823f03b5b903103) Importer(815301076,1909f56bfc062723c751e8b465ee728b)
Start importing Assets/JMO Assets/Cartoon FX (legacy)/Materials/Symbols/CFX2_SkullStretched Add.mat using Guid(219882489a1df4042823f03b5b903103) Importer(815301076,1909f56bfc062723c751e8b465ee728b)  -> (artifact id: '081cb6ab0eb8eae3ab729e5bba0b5bb4') in 0.057330 seconds 
========================================================================
Received Import Request.
  Time since last request: 0.000029 seconds.
  path: Assets/JMO Assets/Cartoon FX (legacy)/Textures/CFX_T_Skull.png
  artifactKey: Guid(a3830d369df2cfc478d7dcdfcf71157c) Importer(815301076,1909f56bfc062723c751e8b465ee728b)
Start importing Assets/JMO Assets/Cartoon FX (legacy)/Textures/CFX_T_Skull.png using Guid(a3830d369df2cfc478d7dcdfcf71157c) Importer(815301076,1909f56bfc062723c751e8b465ee728b)  -> (artifact id: 'ebb66ea6a65a4f5d2f75e0199c69c545') in 0.013038 seconds 
========================================================================
Received Import Request.
  Time since last request: 0.000030 seconds.
  path: Assets/JMO Assets/Cartoon FX Remaster/CFXR Assets/Graphics/cfxr skull distort hdr ab.mat
  artifactKey: Guid(a2c9932117f901f4cbb019f29bda1c69) Importer(815301076,1909f56bfc062723c751e8b465ee728b)
Start importing Assets/JMO Assets/Cartoon FX Remaster/CFXR Assets/Graphics/cfxr skull distort hdr ab.mat using Guid(a2c9932117f901f4cbb019f29bda1c69) Importer(815301076,1909f56bfc062723c751e8b465ee728b)  -> (artifact id: '5ff4d30341eca45a477bb7fd52468da6') in 0.120362 seconds 
Editor requested this worker to shutdown with reason: Scaling down because of idle timeout
AssetImportWorker is now disconnected from the server
Process exiting
Exiting without the bug reporter. Application will terminate with return code 0