Using pre-set license
Built from '2021.3/staging' branch; Version is '2021.3.8f1 (b30333d56e81) revision 11731763'; Using compiler version '192829333'; Build Type 'Release'
OS: 'Windows 10  (10.0.19044) 64bit Core' Language: 'ko' Physical Memory: 32699 MB
BatchMode: 1, IsHumanControllingUs: 0, StartBugReporterOnCrash: 0, Is64bit: 1, IsPro: 1

COMMAND LINE ARGUMENTS:
C:\Program Files\Unity\Hub\Editor\2021.3.8f1\Editor\Unity.exe
-adb2
-batchMode
-noUpm
-name
AssetImportWorker9
-projectPath
C:/Users/user/Documents/GitHub/GGE_Farm
-logFile
Logs/AssetImportWorker9.log
-srvPort
5397
Successfully changed project path to: C:/Users/user/Documents/GitHub/GGE_Farm
C:/Users/user/Documents/GitHub/GGE_Farm
[UnityMemory] Configuration Parameters - Can be set up in boot.config
    "memorysetup-bucket-allocator-granularity=16"
    "memorysetup-bucket-allocator-bucket-count=8"
    "memorysetup-bucket-allocator-block-size=33554432"
    "memorysetup-bucket-allocator-block-count=8"
    "memorysetup-main-allocator-block-size=16777216"
    "memorysetup-thread-allocator-block-size=16777216"
    "memorysetup-gfx-main-allocator-block-size=16777216"
    "memorysetup-gfx-thread-allocator-block-size=16777216"
    "memorysetup-cache-allocator-block-size=4194304"
    "memorysetup-typetree-allocator-block-size=2097152"
    "memorysetup-profiler-bucket-allocator-granularity=16"
    "memorysetup-profiler-bucket-allocator-bucket-count=8"
    "memorysetup-profiler-bucket-allocator-block-size=33554432"
    "memorysetup-profiler-bucket-allocator-block-count=8"
    "memorysetup-profiler-allocator-block-size=16777216"
    "memorysetup-profiler-editor-allocator-block-size=1048576"
    "memorysetup-temp-allocator-size-main=16777216"
    "memorysetup-job-temp-allocator-block-size=2097152"
    "memorysetup-job-temp-allocator-block-size-background=1048576"
    "memorysetup-job-temp-allocator-reduction-small-platforms=262144"
    "memorysetup-temp-allocator-size-background-worker=32768"
    "memorysetup-temp-allocator-size-job-worker=262144"
    "memorysetup-temp-allocator-size-preload-manager=33554432"
    "memorysetup-temp-allocator-size-nav-mesh-worker=65536"
    "memorysetup-temp-allocator-size-audio-worker=65536"
    "memorysetup-temp-allocator-size-cloud-worker=32768"
    "memorysetup-temp-allocator-size-gi-baking-worker=262144"
    "memorysetup-temp-allocator-size-gfx=262144"
Refreshing native plugins compatible for Editor in 115.47 ms, found 5 plugins.
Preloading 0 native plugins for Editor in 0.00 ms.
Initialize engine version: 2021.3.8f1 (b30333d56e81)
[Subsystems] Discovering subsystems at path C:/Program Files/Unity/Hub/Editor/2021.3.8f1/Editor/Data/Resources/UnitySubsystems
[Subsystems] Discovering subsystems at path C:/Users/user/Documents/GitHub/GGE_Farm/Assets
GfxDevice: creating device client; threaded=0; jobified=0
Direct3D:
    Version:  Direct3D 11.0 [level 11.1]
    Renderer: NVIDIA GeForce GTX 1660 SUPER (ID=0x21c4)
    Vendor:   NVIDIA
    VRAM:     5991 MB
    Driver:   31.0.15.1694
Initialize mono
Mono path[0] = 'C:/Program Files/Unity/Hub/Editor/2021.3.8f1/Editor/Data/Managed'
Mono path[1] = 'C:/Program Files/Unity/Hub/Editor/2021.3.8f1/Editor/Data/MonoBleedingEdge/lib/mono/unityjit-win32'
Mono config path = 'C:/Program Files/Unity/Hub/Editor/2021.3.8f1/Editor/Data/MonoBleedingEdge/etc'
Using monoOptions --debugger-agent=transport=dt_socket,embedding=1,server=y,suspend=n,address=127.0.0.1:56656
Begin MonoManager ReloadAssembly
Registering precompiled unity dll's ...
Register platform support module: C:/Program Files/Unity/Hub/Editor/2021.3.8f1/Editor/Data/PlaybackEngines/WindowsStandaloneSupport/UnityEditor.WindowsStandalone.Extensions.dll
Registered in 0.008765 seconds.
Native extension for WindowsStandalone target not found
Refreshing native plugins compatible for Editor in 118.97 ms, found 5 plugins.
Preloading 0 native plugins for Editor in 0.00 ms.
Mono: successfully reloaded assembly
- Completed reload, in  0.661 seconds
Domain Reload Profiling:
	ReloadAssembly (661ms)
		BeginReloadAssembly (79ms)
			ExecutionOrderSort (0ms)
			DisableScriptedObjects (0ms)
			BackupInstance (0ms)
			ReleaseScriptingObjects (0ms)
			CreateAndSetChildDomain (1ms)
		EndReloadAssembly (462ms)
			LoadAssemblies (75ms)
			RebuildTransferFunctionScriptingTraits (0ms)
			SetupTypeCache (116ms)
			ReleaseScriptCaches (0ms)
			RebuildScriptCaches (28ms)
			SetupLoadedEditorAssemblies (265ms)
				LogAssemblyErrors (0ms)
				InitializePlatformSupportModulesInManaged (9ms)
				SetLoadedEditorAssemblies (0ms)
				RefreshPlugins (119ms)
				BeforeProcessingInitializeOnLoad (1ms)
				ProcessInitializeOnLoadAttributes (100ms)
				ProcessInitializeOnLoadMethodAttributes (35ms)
				AfterProcessingInitializeOnLoad (0ms)
				EditorAssembliesLoaded (0ms)
			ExecutionOrderSort2 (0ms)
			AwakeInstancesAfterBackupRestoration (0ms)
Platform modules already initialized, skipping
Registering precompiled user dll's ...
Registered in 0.010334 seconds.
Begin MonoManager ReloadAssembly
Symbol file LoadedFromMemory doesn't match image C:\Users\user\Documents\GitHub\GGE_Farm\Library\PackageCache\com.unity.visualscripting@1.7.8\Editor\VisualScripting.Core\Dependencies\YamlDotNet\Unity.VisualScripting.YamlDotNet.dll
Symbol file LoadedFromMemory doesn't match image C:\Users\user\Documents\GitHub\GGE_Farm\Library\PackageCache\com.unity.visualscripting@1.7.8\Editor\VisualScripting.Core\Dependencies\DotNetZip\Unity.VisualScripting.IonicZip.dll
Native extension for WindowsStandalone target not found
Refreshing native plugins compatible for Editor in 101.91 ms, found 5 plugins.
Preloading 0 native plugins for Editor in 0.00 ms.
Mono: successfully reloaded assembly
- Completed reload, in  1.178 seconds
Domain Reload Profiling:
	ReloadAssembly (1179ms)
		BeginReloadAssembly (96ms)
			ExecutionOrderSort (0ms)
			DisableScriptedObjects (4ms)
			BackupInstance (0ms)
			ReleaseScriptingObjects (0ms)
			CreateAndSetChildDomain (17ms)
		EndReloadAssembly (994ms)
			LoadAssemblies (77ms)
			RebuildTransferFunctionScriptingTraits (0ms)
			SetupTypeCache (246ms)
			ReleaseScriptCaches (1ms)
			RebuildScriptCaches (58ms)
			SetupLoadedEditorAssemblies (579ms)
				LogAssemblyErrors (0ms)
				InitializePlatformSupportModulesInManaged (10ms)
				SetLoadedEditorAssemblies (0ms)
				RefreshPlugins (102ms)
				BeforeProcessingInitializeOnLoad (166ms)
				ProcessInitializeOnLoadAttributes (221ms)
				ProcessInitializeOnLoadMethodAttributes (72ms)
				AfterProcessingInitializeOnLoad (7ms)
				EditorAssembliesLoaded (0ms)
			ExecutionOrderSort2 (0ms)
			AwakeInstancesAfterBackupRestoration (5ms)
Platform modules already initialized, skipping
========================================================================
Worker process is ready to serve import requests
Launched and connected shader compiler UnityShaderCompiler.exe after 0.04 seconds
Refreshing native plugins compatible for Editor in 1.15 ms, found 5 plugins.
Preloading 0 native plugins for Editor in 0.00 ms.
Unloading 5420 Unused Serialized files (Serialized files now loaded: 0)
Unloading 54 unused Assets / (1.9 MB). Loaded Objects now: 5862.
Memory consumption went from 220.1 MB to 218.2 MB.
Total: 4.231500 ms (FindLiveObjects: 0.496200 ms CreateObjectMapping: 0.135500 ms MarkObjects: 2.893800 ms  DeleteObjects: 0.705200 ms)

AssetImportParameters requested are different than current active one (requested -> active):
  custom:video-decoder-ogg-theora: a1e56fd34408186e4bbccfd4996cb3dc -> 
  custom:container-muxer-webm: aa71ff27fc2769a1b78a27578f13a17b -> 
  custom:container-demuxer-webm: 4f35f7cbe854078d1ac9338744f61a02 -> 
  custom:video-encoder-webm-vp8: eb34c28f22e8b96e1ab97ce403110664 -> 
  custom:audio-encoder-webm-vorbis: bf7c407c2cedff20999df2af8eb42d56 -> 
  custom:framework-win-MediaFoundation: 216162199b28c13a410421893ffa2e32 -> 
  custom:container-demuxer-ogg: 62fdf1f143b41e24485cea50d1cbac27 -> 
  custom:video-decoder-webm-vp8: 9c59270c3fd7afecdb556c50c9e8de78 -> 
  custom:audio-decoder-ogg-vorbis: bf7c407c2cedff20999df2af8eb42d56 -> 
========================================================================
Received Import Request.
  Time since last request: 30586.442524 seconds.
  path: Assets/Asset/Animation/Bus_Move.fbx
  artifactKey: Guid(f5fb8d64a9581494480ac53ce63610fd) Importer(815301076,1909f56bfc062723c751e8b465ee728b)
Start importing Assets/Asset/Animation/Bus_Move.fbx using Guid(f5fb8d64a9581494480ac53ce63610fd) Importer(815301076,1909f56bfc062723c751e8b465ee728b)  -> (artifact id: '8a9bac745531c81aa087eeb39ec15ce5') in 0.349739 seconds 
========================================================================
Received Import Request.
  Time since last request: 0.000024 seconds.
  path: Assets/Asset/Animation/C01_Wake.fbx
  artifactKey: Guid(4761ffdc81135dc40a22b931b1048e14) Importer(815301076,1909f56bfc062723c751e8b465ee728b)
Start importing Assets/Asset/Animation/C01_Wake.fbx using Guid(4761ffdc81135dc40a22b931b1048e14) Importer(815301076,1909f56bfc062723c751e8b465ee728b)  -> (artifact id: 'c4984ccfdb993b5f0e05794ea302c765') in 2.595318 seconds 
========================================================================
Received Import Request.
  Time since last request: 0.000037 seconds.
  path: Assets/Asset/Animation/C01_Fishing.fbx
  artifactKey: Guid(b1c321ca86605454d982448ea4271752) Importer(815301076,1909f56bfc062723c751e8b465ee728b)
Start importing Assets/Asset/Animation/C01_Fishing.fbx using Guid(b1c321ca86605454d982448ea4271752) Importer(815301076,1909f56bfc062723c751e8b465ee728b)  -> (artifact id: 'ae8ea4587d9e25a9e76b77dedd6aa224') in 0.073743 seconds 
========================================================================
Received Import Request.
  Time since last request: 0.000028 seconds.
  path: Assets/Asset/Animation/C01_Getoff.fbx
  artifactKey: Guid(cec62ee5e14bb904e945e0dc430901c2) Importer(815301076,1909f56bfc062723c751e8b465ee728b)
Start importing Assets/Asset/Animation/C01_Getoff.fbx using Guid(cec62ee5e14bb904e945e0dc430901c2) Importer(815301076,1909f56bfc062723c751e8b465ee728b)  -> (artifact id: '98139e5a7abad5a756f04ea3f48c7d78') in 0.076069 seconds 
========================================================================
Received Import Request.
  Time since last request: 0.000025 seconds.
  path: Assets/Asset/Animation/C01_Hello.fbx
  artifactKey: Guid(9c1ba1d2a9a3e2f4faeb08f29c2e7494) Importer(815301076,1909f56bfc062723c751e8b465ee728b)
Start importing Assets/Asset/Animation/C01_Hello.fbx using Guid(9c1ba1d2a9a3e2f4faeb08f29c2e7494) Importer(815301076,1909f56bfc062723c751e8b465ee728b)  -> (artifact id: '93e061b7624d89e253ddc0f39860fe19') in 0.075988 seconds 
========================================================================
Received Import Request.
  Time since last request: 0.000024 seconds.
  path: Assets/Asset/Animation/C01_Water.fbx
  artifactKey: Guid(9345a1e9fc77ac64684688be6a991923) Importer(815301076,1909f56bfc062723c751e8b465ee728b)
Start importing Assets/Asset/Animation/C01_Water.fbx using Guid(9345a1e9fc77ac64684688be6a991923) Importer(815301076,1909f56bfc062723c751e8b465ee728b)  -> (artifact id: '0f417f62d1af18a7d355e81369a96202') in 0.071938 seconds 
========================================================================
Received Import Request.
  Time since last request: 30.765890 seconds.
  path: Assets/Asset/Prefab/Bush_2.prefab
  artifactKey: Guid(028eb12e4472f8443bf6d22dbf058872) Importer(815301076,1909f56bfc062723c751e8b465ee728b)
Start importing Assets/Asset/Prefab/Bush_2.prefab using Guid(028eb12e4472f8443bf6d22dbf058872) Importer(815301076,1909f56bfc062723c751e8b465ee728b)  -> (artifact id: '8c6341f06c29827523f1ffc170180207') in 0.028508 seconds 
========================================================================
Received Import Request.
  Time since last request: 0.000028 seconds.
  path: Assets/Asset/Prefab/Glass.prefab
  artifactKey: Guid(61a1e232a9b500349aa97180864e0141) Importer(815301076,1909f56bfc062723c751e8b465ee728b)
Start importing Assets/Asset/Prefab/Glass.prefab using Guid(61a1e232a9b500349aa97180864e0141) Importer(815301076,1909f56bfc062723c751e8b465ee728b)  -> (artifact id: 'e0e72a0c469c4a60e34409c5f99e1a1c') in 0.017916 seconds 
========================================================================
Received Import Request.
  Time since last request: 0.000023 seconds.
  path: Assets/Asset/Prefab/Company.prefab
  artifactKey: Guid(c6997003e72679344b92970ffdf4a4f6) Importer(815301076,1909f56bfc062723c751e8b465ee728b)
Start importing Assets/Asset/Prefab/Company.prefab using Guid(c6997003e72679344b92970ffdf4a4f6) Importer(815301076,1909f56bfc062723c751e8b465ee728b)  -> (artifact id: '862a3c0930ece857b07d6276efec79ec') in 0.019642 seconds 
========================================================================
Received Import Request.
  Time since last request: 0.000022 seconds.
  path: Assets/Asset/Prefab/Crop_Carrot.prefab
  artifactKey: Guid(abe027a11030f9644837f4b44bb3847e) Importer(815301076,1909f56bfc062723c751e8b465ee728b)
Start importing Assets/Asset/Prefab/Crop_Carrot.prefab using Guid(abe027a11030f9644837f4b44bb3847e) Importer(815301076,1909f56bfc062723c751e8b465ee728b)  -> (artifact id: 'a794b88da948b1dfe1f97bb3323ed08e') in 0.018156 seconds 
========================================================================
Received Import Request.
  Time since last request: 0.000022 seconds.
  path: Assets/Asset/Prefab/Pivot.prefab
  artifactKey: Guid(aa376fd0c76accd429bb9fdbc82028c5) Importer(815301076,1909f56bfc062723c751e8b465ee728b)
Start importing Assets/Asset/Prefab/Pivot.prefab using Guid(aa376fd0c76accd429bb9fdbc82028c5) Importer(815301076,1909f56bfc062723c751e8b465ee728b)  -> (artifact id: '523003d55028c24c51c4026579e2564e') in 0.010937 seconds 
========================================================================
Received Import Request.
  Time since last request: 0.000025 seconds.
  path: Assets/Asset/Prefab/Soil.prefab
  artifactKey: Guid(b47de2306d08d984fa7ed37ea699b174) Importer(815301076,1909f56bfc062723c751e8b465ee728b)
Start importing Assets/Asset/Prefab/Soil.prefab using Guid(b47de2306d08d984fa7ed37ea699b174) Importer(815301076,1909f56bfc062723c751e8b465ee728b)  -> (artifact id: '69abb977e32b314b60102a180ff3bde4') in 0.017586 seconds 
========================================================================
Received Import Request.
  Time since last request: 0.000024 seconds.
  path: Assets/Asset/Prefab/Cube_Tree_stem.002.prefab
  artifactKey: Guid(dfc435f7ab1e2b441bef5eba2444025e) Importer(815301076,1909f56bfc062723c751e8b465ee728b)
Start importing Assets/Asset/Prefab/Cube_Tree_stem.002.prefab using Guid(dfc435f7ab1e2b441bef5eba2444025e) Importer(815301076,1909f56bfc062723c751e8b465ee728b)  -> (artifact id: '960945e70c889d9a36af78e2b1396439') in 0.017330 seconds 
========================================================================
Received Import Request.
  Time since last request: 0.000038 seconds.
  path: Assets/Asset/Prefab/Cube_Tree_stem.005 1.prefab
  artifactKey: Guid(47c55d58b2a5ad84a8acb3d4dab7d532) Importer(815301076,1909f56bfc062723c751e8b465ee728b)
Start importing Assets/Asset/Prefab/Cube_Tree_stem.005 1.prefab using Guid(47c55d58b2a5ad84a8acb3d4dab7d532) Importer(815301076,1909f56bfc062723c751e8b465ee728b)  -> (artifact id: 'd41235bbb6978c5a9e37a4157095ff78') in 0.030669 seconds 
========================================================================
Received Import Request.
  Time since last request: 0.000039 seconds.
  path: Assets/Asset/Prefab/Cube_Tree_stem.010.prefab
  artifactKey: Guid(654ba1bbc8e880a48bcd99bca3c87bb0) Importer(815301076,1909f56bfc062723c751e8b465ee728b)
Start importing Assets/Asset/Prefab/Cube_Tree_stem.010.prefab using Guid(654ba1bbc8e880a48bcd99bca3c87bb0) Importer(815301076,1909f56bfc062723c751e8b465ee728b)  -> (artifact id: '7b58f7ca42f4652eb7265e0d01da6f44') in 0.022240 seconds 
========================================================================
Received Import Request.
  Time since last request: 0.000028 seconds.
  path: Assets/Asset/Prefab/chair.prefab
  artifactKey: Guid(c6377fbdf295aa24ca69cf599022b0cc) Importer(815301076,1909f56bfc062723c751e8b465ee728b)
Start importing Assets/Asset/Prefab/chair.prefab using Guid(c6377fbdf295aa24ca69cf599022b0cc) Importer(815301076,1909f56bfc062723c751e8b465ee728b)  -> (artifact id: '3f6b38dfcd5883a6bbba2f55204cb571') in 0.015088 seconds 
========================================================================
Received Import Request.
  Time since last request: 0.000031 seconds.
  path: Assets/Asset/Prefab/Fence_90.prefab
  artifactKey: Guid(757d511f60b2a754f9a7b50fa4225cfd) Importer(815301076,1909f56bfc062723c751e8b465ee728b)
Start importing Assets/Asset/Prefab/Fence_90.prefab using Guid(757d511f60b2a754f9a7b50fa4225cfd) Importer(815301076,1909f56bfc062723c751e8b465ee728b)  -> (artifact id: '0a197e9f962f427bbca42e513db41b39') in 0.017820 seconds 
========================================================================
Received Import Request.
  Time since last request: 0.000031 seconds.
  path: Assets/Asset/Prefab/sprout.prefab
  artifactKey: Guid(0c12564d5a829a945b35a5c95b787481) Importer(815301076,1909f56bfc062723c751e8b465ee728b)
Start importing Assets/Asset/Prefab/sprout.prefab using Guid(0c12564d5a829a945b35a5c95b787481) Importer(815301076,1909f56bfc062723c751e8b465ee728b)  -> (artifact id: 'b9812f1cbb1d80a06c847fe7ba5e414c') in 0.016787 seconds 
========================================================================
Received Import Request.
  Time since last request: 0.000040 seconds.
  path: Assets/Asset/Prefab/Can.prefab
  artifactKey: Guid(56f36140998c6494f9345c18ea54c05b) Importer(815301076,1909f56bfc062723c751e8b465ee728b)
Start importing Assets/Asset/Prefab/Can.prefab using Guid(56f36140998c6494f9345c18ea54c05b) Importer(815301076,1909f56bfc062723c751e8b465ee728b)  -> (artifact id: '10b170dc1ca58ed0f2bb4f9d0f243724') in 0.018594 seconds 
========================================================================
Received Import Request.
  Time since last request: 0.000033 seconds.
  path: Assets/Asset/Prefab/Road.prefab
  artifactKey: Guid(ff5afa74a83785843a726b0ded386c61) Importer(815301076,1909f56bfc062723c751e8b465ee728b)
Start importing Assets/Asset/Prefab/Road.prefab using Guid(ff5afa74a83785843a726b0ded386c61) Importer(815301076,1909f56bfc062723c751e8b465ee728b)  -> (artifact id: 'cd08bb6b9af04c7d33015c0cbba53813') in 0.015505 seconds 
========================================================================
Received Import Request.
  Time since last request: 1907.748000 seconds.
  path: Assets/Scenes/Office/Lightmap-0_comp_light.exr
  artifactKey: Guid(1368d32be48e5444bb0e1d7ede0e3628) Importer(815301076,1909f56bfc062723c751e8b465ee728b)
Start importing Assets/Scenes/Office/Lightmap-0_comp_light.exr using Guid(1368d32be48e5444bb0e1d7ede0e3628) Importer(815301076,1909f56bfc062723c751e8b465ee728b)  -> (artifact id: 'bff697b8aef8dd65a53d1e20fefe8222') in 0.027650 seconds 
