Using pre-set license
Built from '2021.3/staging' branch; Version is '2021.3.8f1 (b30333d56e81) revision 11731763'; Using compiler version '192829333'; Build Type 'Release'
OS: 'Windows 10  (10.0.19044) 64bit Professional' Language: 'ko' Physical Memory: 16318 MB
BatchMode: 1, IsHumanControllingUs: 0, StartBugReporterOnCrash: 0, Is64bit: 1, IsPro: 1

COMMAND LINE ARGUMENTS:
D:\Program Files\Unity\Hub\Editor\2021.3.8f1\Editor\Unity.exe
-adb2
-batchMode
-noUpm
-name
AssetImportWorker0
-projectPath
D:/문서2/GitHub/GGE_Farm
-logFile
Logs/AssetImportWorker0.log
-srvPort
57365
Successfully changed project path to: D:/문서2/GitHub/GGE_Farm
D:/문서2/GitHub/GGE_Farm
[UnityMemory] Configuration Parameters - Can be set up in boot.config
    "memorysetup-bucket-allocator-granularity=16"
    "memorysetup-bucket-allocator-bucket-count=8"
    "memorysetup-bucket-allocator-block-size=33554432"
    "memorysetup-bucket-allocator-block-count=8"
    "memorysetup-main-allocator-block-size=16777216"
    "memorysetup-thread-allocator-block-size=16777216"
    "memorysetup-gfx-main-allocator-block-size=16777216"
    "memorysetup-gfx-thread-allocator-block-size=16777216"
    "memorysetup-cache-allocator-block-size=4194304"
    "memorysetup-typetree-allocator-block-size=2097152"
    "memorysetup-profiler-bucket-allocator-granularity=16"
    "memorysetup-profiler-bucket-allocator-bucket-count=8"
    "memorysetup-profiler-bucket-allocator-block-size=33554432"
    "memorysetup-profiler-bucket-allocator-block-count=8"
    "memorysetup-profiler-allocator-block-size=16777216"
    "memorysetup-profiler-editor-allocator-block-size=1048576"
    "memorysetup-temp-allocator-size-main=16777216"
    "memorysetup-job-temp-allocator-block-size=2097152"
    "memorysetup-job-temp-allocator-block-size-background=1048576"
    "memorysetup-job-temp-allocator-reduction-small-platforms=262144"
    "memorysetup-temp-allocator-size-background-worker=32768"
    "memorysetup-temp-allocator-size-job-worker=262144"
    "memorysetup-temp-allocator-size-preload-manager=33554432"
    "memorysetup-temp-allocator-size-nav-mesh-worker=65536"
    "memorysetup-temp-allocator-size-audio-worker=65536"
    "memorysetup-temp-allocator-size-cloud-worker=32768"
    "memorysetup-temp-allocator-size-gi-baking-worker=262144"
    "memorysetup-temp-allocator-size-gfx=262144"
Refreshing native plugins compatible for Editor in 109.52 ms, found 5 plugins.
Preloading 0 native plugins for Editor in 0.00 ms.
Initialize engine version: 2021.3.8f1 (b30333d56e81)
[Subsystems] Discovering subsystems at path D:/Program Files/Unity/Hub/Editor/2021.3.8f1/Editor/Data/Resources/UnitySubsystems
[Subsystems] Discovering subsystems at path D:/문서2/GitHub/GGE_Farm/Assets
GfxDevice: creating device client; threaded=0; jobified=0
Direct3D:
    Version:  Direct3D 11.0 [level 11.1]
    Renderer: NVIDIA GeForce GTX 1060 3GB (ID=0x1c02)
    Vendor:   NVIDIA
    VRAM:     2988 MB
    Driver:   31.0.15.1694
Initialize mono
Mono path[0] = 'D:/Program Files/Unity/Hub/Editor/2021.3.8f1/Editor/Data/Managed'
Mono path[1] = 'D:/Program Files/Unity/Hub/Editor/2021.3.8f1/Editor/Data/MonoBleedingEdge/lib/mono/unityjit-win32'
Mono config path = 'D:/Program Files/Unity/Hub/Editor/2021.3.8f1/Editor/Data/MonoBleedingEdge/etc'
Using monoOptions --debugger-agent=transport=dt_socket,embedding=1,server=y,suspend=n,address=127.0.0.1:56072
Begin MonoManager ReloadAssembly
Registering precompiled unity dll's ...
Register platform support module: D:/Program Files/Unity/Hub/Editor/2021.3.8f1/Editor/Data/PlaybackEngines/WindowsStandaloneSupport/UnityEditor.WindowsStandalone.Extensions.dll
Registered in 0.003609 seconds.
Native extension for WindowsStandalone target not found
Refreshing native plugins compatible for Editor in 110.78 ms, found 5 plugins.
Preloading 0 native plugins for Editor in 0.00 ms.
Mono: successfully reloaded assembly
- Completed reload, in  0.684 seconds
Domain Reload Profiling:
	ReloadAssembly (685ms)
		BeginReloadAssembly (124ms)
			ExecutionOrderSort (0ms)
			DisableScriptedObjects (0ms)
			BackupInstance (0ms)
			ReleaseScriptingObjects (0ms)
			CreateAndSetChildDomain (2ms)
		EndReloadAssembly (451ms)
			LoadAssemblies (120ms)
			RebuildTransferFunctionScriptingTraits (0ms)
			SetupTypeCache (109ms)
			ReleaseScriptCaches (0ms)
			RebuildScriptCaches (25ms)
			SetupLoadedEditorAssemblies (271ms)
				LogAssemblyErrors (0ms)
				InitializePlatformSupportModulesInManaged (7ms)
				SetLoadedEditorAssemblies (0ms)
				RefreshPlugins (111ms)
				BeforeProcessingInitializeOnLoad (1ms)
				ProcessInitializeOnLoadAttributes (107ms)
				ProcessInitializeOnLoadMethodAttributes (45ms)
				AfterProcessingInitializeOnLoad (0ms)
				EditorAssembliesLoaded (0ms)
			ExecutionOrderSort2 (0ms)
			AwakeInstancesAfterBackupRestoration (0ms)
Platform modules already initialized, skipping
Registering precompiled user dll's ...
Registered in 0.010188 seconds.
Begin MonoManager ReloadAssembly
Symbol file LoadedFromMemory doesn't match image D:\문서2\GitHub\GGE_Farm\Library\PackageCache\com.unity.visualscripting@1.7.8\Editor\VisualScripting.Core\Dependencies\YamlDotNet\Unity.VisualScripting.YamlDotNet.dll
Symbol file LoadedFromMemory doesn't match image D:\문서2\GitHub\GGE_Farm\Library\PackageCache\com.unity.visualscripting@1.7.8\Editor\VisualScripting.Core\Dependencies\DotNetZip\Unity.VisualScripting.IonicZip.dll
Native extension for WindowsStandalone target not found
Refreshing native plugins compatible for Editor in 112.64 ms, found 5 plugins.
Preloading 0 native plugins for Editor in 0.00 ms.
Mono: successfully reloaded assembly
- Completed reload, in  2.551 seconds
Domain Reload Profiling:
	ReloadAssembly (2552ms)
		BeginReloadAssembly (113ms)
			ExecutionOrderSort (0ms)
			DisableScriptedObjects (5ms)
			BackupInstance (0ms)
			ReleaseScriptingObjects (0ms)
			CreateAndSetChildDomain (17ms)
		EndReloadAssembly (2345ms)
			LoadAssemblies (99ms)
			RebuildTransferFunctionScriptingTraits (0ms)
			SetupTypeCache (267ms)
			ReleaseScriptCaches (1ms)
			RebuildScriptCaches (61ms)
			SetupLoadedEditorAssemblies (604ms)
				LogAssemblyErrors (0ms)
				InitializePlatformSupportModulesInManaged (12ms)
				SetLoadedEditorAssemblies (0ms)
				RefreshPlugins (113ms)
				BeforeProcessingInitializeOnLoad (135ms)
				ProcessInitializeOnLoadAttributes (259ms)
				ProcessInitializeOnLoadMethodAttributes (81ms)
				AfterProcessingInitializeOnLoad (3ms)
				EditorAssembliesLoaded (0ms)
			ExecutionOrderSort2 (0ms)
			AwakeInstancesAfterBackupRestoration (5ms)
Platform modules already initialized, skipping
========================================================================
Worker process is ready to serve import requests
Launched and connected shader compiler UnityShaderCompiler.exe after 0.04 seconds
Refreshing native plugins compatible for Editor in 1.60 ms, found 5 plugins.
Preloading 0 native plugins for Editor in 0.00 ms.
Unloading 5465 Unused Serialized files (Serialized files now loaded: 0)
Unloading 54 unused Assets / (1.9 MB). Loaded Objects now: 5907.
Memory consumption went from 222.9 MB to 220.9 MB.
Total: 6.299600 ms (FindLiveObjects: 0.604500 ms CreateObjectMapping: 0.520600 ms MarkObjects: 4.347700 ms  DeleteObjects: 0.825600 ms)

AssetImportParameters requested are different than current active one (requested -> active):
  custom:video-decoder-ogg-theora: a1e56fd34408186e4bbccfd4996cb3dc -> 
  custom:container-muxer-webm: aa71ff27fc2769a1b78a27578f13a17b -> 
  custom:container-demuxer-webm: 4f35f7cbe854078d1ac9338744f61a02 -> 
  custom:video-encoder-webm-vp8: eb34c28f22e8b96e1ab97ce403110664 -> 
  custom:audio-encoder-webm-vorbis: bf7c407c2cedff20999df2af8eb42d56 -> 
  custom:framework-win-MediaFoundation: 216162199b28c13a410421893ffa2e32 -> 
  custom:container-demuxer-ogg: 62fdf1f143b41e24485cea50d1cbac27 -> 
  custom:video-decoder-webm-vp8: 9c59270c3fd7afecdb556c50c9e8de78 -> 
  custom:audio-decoder-ogg-vorbis: bf7c407c2cedff20999df2af8eb42d56 -> 
========================================================================
Received Import Request.
  Time since last request: 60428.028664 seconds.
  path: Assets/Shader/Depth.shadersubgraph
  artifactKey: Guid(7893f18271382754b94de86755520351) Importer(815301076,1909f56bfc062723c751e8b465ee728b)
Start importing Assets/Shader/Depth.shadersubgraph using Guid(7893f18271382754b94de86755520351) Importer(815301076,1909f56bfc062723c751e8b465ee728b)  -> (artifact id: 'aaf5969d927a9db70fa153855bbe6a71') in 0.065230 seconds 
========================================================================
Received Import Request.
  Time since last request: 0.000035 seconds.
  path: Assets/Shader/move.shadersubgraph
  artifactKey: Guid(78004cd0c3a9b4b4fb20d1b1e88fe704) Importer(815301076,1909f56bfc062723c751e8b465ee728b)
Start importing Assets/Shader/move.shadersubgraph using Guid(78004cd0c3a9b4b4fb20d1b1e88fe704) Importer(815301076,1909f56bfc062723c751e8b465ee728b)  -> (artifact id: '1ecf86e1668c2fd0f0a0c23126d6bdb6') in 0.007869 seconds 
========================================================================
Received Import Request.
  Time since last request: 183.737526 seconds.
  path: Assets/CameraTimeline.playable
  artifactKey: Guid(c136190213c9a4a4d9b7963de6e93814) Importer(815301076,1909f56bfc062723c751e8b465ee728b)
Start importing Assets/CameraTimeline.playable using Guid(c136190213c9a4a4d9b7963de6e93814) Importer(815301076,1909f56bfc062723c751e8b465ee728b)  -> (artifact id: '99d7aa126ac8b57d5ebf489e29e30923') in 0.012997 seconds 
========================================================================
Received Import Request.
  Time since last request: 0.000024 seconds.
  path: Assets/ForwardRenderer.asset
  artifactKey: Guid(504a7a3abd5e3614e8fc3f25834bd40e) Importer(815301076,1909f56bfc062723c751e8b465ee728b)
Start importing Assets/ForwardRenderer.asset using Guid(504a7a3abd5e3614e8fc3f25834bd40e) Importer(815301076,1909f56bfc062723c751e8b465ee728b)  -> (artifact id: '071e3bb5041267249db72594979ae175') in 0.006399 seconds 
========================================================================
Received Import Request.
  Time since last request: 0.062524 seconds.
  path: Assets/Readme.asset
  artifactKey: Guid(83c2ed844a8c74b779a4c823d16594b1) Importer(815301076,1909f56bfc062723c751e8b465ee728b)
Start importing Assets/Readme.asset using Guid(83c2ed844a8c74b779a4c823d16594b1) Importer(815301076,1909f56bfc062723c751e8b465ee728b)  -> (artifact id: 'd522315026eec206be836aec34785ab1') in 0.008273 seconds 
========================================================================
Received Import Request.
  Time since last request: 9.413131 seconds.
  path: Assets/Scenes
  artifactKey: Guid(55b3aa00355c3964c960feaefe52807a) Importer(815301076,1909f56bfc062723c751e8b465ee728b)
Start importing Assets/Scenes using Guid(55b3aa00355c3964c960feaefe52807a) Importer(815301076,1909f56bfc062723c751e8b465ee728b)  -> (artifact id: '65f84a90029dd296f54c6fc757a69f35') in 0.004346 seconds 
========================================================================
Received Import Request.
  Time since last request: 1.516555 seconds.
  path: Assets/Scenes/Farm_HW.unity
  artifactKey: Guid(a873ba1f9c850954a8eb53ef7078061c) Importer(815301076,1909f56bfc062723c751e8b465ee728b)
Start importing Assets/Scenes/Farm_HW.unity using Guid(a873ba1f9c850954a8eb53ef7078061c) Importer(815301076,1909f56bfc062723c751e8b465ee728b)  -> (artifact id: '6beae6fe650fcb6307d52b568bbbd514') in 0.004910 seconds 
========================================================================
Received Import Request.
  Time since last request: 61.933782 seconds.
  path: Assets/Asset/Directional Light.prefab
  artifactKey: Guid(3b09a61d1d68ef54db23e26e9f5243e0) Importer(815301076,1909f56bfc062723c751e8b465ee728b)
Start importing Assets/Asset/Directional Light.prefab using Guid(3b09a61d1d68ef54db23e26e9f5243e0) Importer(815301076,1909f56bfc062723c751e8b465ee728b)  -> (artifact id: 'a1b90cc2d0c539a0c060e226a61f10de') in 0.020563 seconds 
========================================================================
Received Import Request.
  Time since last request: 1.016455 seconds.
  path: Assets/Asset/Script
  artifactKey: Guid(5b7a0fcf0e80c0c4d99d2006cbcba474) Importer(815301076,1909f56bfc062723c751e8b465ee728b)
Start importing Assets/Asset/Script using Guid(5b7a0fcf0e80c0c4d99d2006cbcba474) Importer(815301076,1909f56bfc062723c751e8b465ee728b)  -> (artifact id: 'dee5103a23c39428712d40af7dcbd197') in 0.006937 seconds 
========================================================================
Received Import Request.
  Time since last request: 0.604529 seconds.
  path: Assets/Asset/Shader
  artifactKey: Guid(116cfd011f33104449bf60dab82b0594) Importer(815301076,1909f56bfc062723c751e8b465ee728b)
Start importing Assets/Asset/Shader using Guid(116cfd011f33104449bf60dab82b0594) Importer(815301076,1909f56bfc062723c751e8b465ee728b)  -> (artifact id: '0bf30fa945f816254b950a41cdcb8a07') in 0.006928 seconds 
========================================================================
Received Import Request.
  Time since last request: 0.025035 seconds.
  path: Assets/Asset/Shader/Volumetric 1.mat
  artifactKey: Guid(41fe1b5604951434aad75ad68aaa2347) Importer(815301076,1909f56bfc062723c751e8b465ee728b)
Start importing Assets/Asset/Shader/Volumetric 1.mat using Guid(41fe1b5604951434aad75ad68aaa2347) Importer(815301076,1909f56bfc062723c751e8b465ee728b)  -> (artifact id: '76337378d1e8eb5d8951d5ed1abf8055') in 1.802461 seconds 
========================================================================
Received Import Request.
  Time since last request: 6.511210 seconds.
  path: Assets/Shader
  artifactKey: Guid(8f96200291e882e44ac897b79564ebee) Importer(815301076,1909f56bfc062723c751e8b465ee728b)
Start importing Assets/Shader using Guid(8f96200291e882e44ac897b79564ebee) Importer(815301076,1909f56bfc062723c751e8b465ee728b)  -> (artifact id: '649ef3d37e1f53ebcd115abc01b1878e') in 0.002013 seconds 
========================================================================
Received Import Request.
  Time since last request: 166.327002 seconds.
  path: Assets/Shader/rivver 3.shadergraph
  artifactKey: Guid(52b9c3f1ce1ff7849b1022ba680f8863) Importer(815301076,1909f56bfc062723c751e8b465ee728b)
Start importing Assets/Shader/rivver 3.shadergraph using Guid(52b9c3f1ce1ff7849b1022ba680f8863) Importer(815301076,1909f56bfc062723c751e8b465ee728b)  -> (artifact id: 'a185f60d4484d9fdac2a803089676ae4') in 0.008367 seconds 
========================================================================
Received Import Request.
  Time since last request: 64.686393 seconds.
  path: Assets/Shader/River.mat
  artifactKey: Guid(51954e85b4ed18f4e9bfa462d9c8ade5) Importer(815301076,1909f56bfc062723c751e8b465ee728b)
Start importing Assets/Shader/River.mat using Guid(51954e85b4ed18f4e9bfa462d9c8ade5) Importer(815301076,1909f56bfc062723c751e8b465ee728b)  -> (artifact id: 'c4b8e6d491a5f2f39a8b303ebfe2546c') in 1.750818 seconds 
========================================================================
Received Import Request.
  Time since last request: 350.287782 seconds.
  path: Assets/Shader/River.mat
  artifactKey: Guid(51954e85b4ed18f4e9bfa462d9c8ade5) Importer(815301076,1909f56bfc062723c751e8b465ee728b)
Start importing Assets/Shader/River.mat using Guid(51954e85b4ed18f4e9bfa462d9c8ade5) Importer(815301076,1909f56bfc062723c751e8b465ee728b)  -> (artifact id: 'a513063a9ba1ac890b9e20a6121a76e0') in 0.062092 seconds 
========================================================================
Received Import Request.
  Time since last request: 43.233227 seconds.
  path: Assets/Asset/Material/Bus_inside.mat
  artifactKey: Guid(65857815b236a38489f5aae3e585640f) Importer(815301076,1909f56bfc062723c751e8b465ee728b)
Start importing Assets/Asset/Material/Bus_inside.mat using Guid(65857815b236a38489f5aae3e585640f) Importer(815301076,1909f56bfc062723c751e8b465ee728b)  -> (artifact id: '7edb6fba630425fa31ffb00df584f307') in 1.600641 seconds 
========================================================================
Received Import Request.
  Time since last request: 0.000029 seconds.
  path: Assets/Asset/Material/Tree_Leaf_2 2.mat
  artifactKey: Guid(396da845262bfc74baeb33ed1100aa37) Importer(815301076,1909f56bfc062723c751e8b465ee728b)
Start importing Assets/Asset/Material/Tree_Leaf_2 2.mat using Guid(396da845262bfc74baeb33ed1100aa37) Importer(815301076,1909f56bfc062723c751e8b465ee728b)  -> (artifact id: '2a32f01ea6c39e21f312aa9e61abb7a4') in 1.479118 seconds 
========================================================================
Received Import Request.
  Time since last request: 0.000031 seconds.
  path: Assets/Asset/Material/Far_Env_sunset.mat
  artifactKey: Guid(28690335d9be15847a8e43f613d73dc9) Importer(815301076,1909f56bfc062723c751e8b465ee728b)
Start importing Assets/Asset/Material/Far_Env_sunset.mat using Guid(28690335d9be15847a8e43f613d73dc9) Importer(815301076,1909f56bfc062723c751e8b465ee728b)  -> (artifact id: '29b1482ec7218f2f445baa2cbfa7ebdb') in 0.313875 seconds 
========================================================================
Received Import Request.
  Time since last request: 0.000028 seconds.
  path: Assets/Asset/Material/Tree_Leaf_1 1.mat
  artifactKey: Guid(97e0a5790a2576e419887be2b21caaad) Importer(815301076,1909f56bfc062723c751e8b465ee728b)
Start importing Assets/Asset/Material/Tree_Leaf_1 1.mat using Guid(97e0a5790a2576e419887be2b21caaad) Importer(815301076,1909f56bfc062723c751e8b465ee728b)  -> (artifact id: '35e83be8ddac25f854c7b5bb77804c86') in 0.018899 seconds 
========================================================================
Received Import Request.
  Time since last request: 0.000061 seconds.
  path: Assets/Asset/Material/Grass_alpha.mat
  artifactKey: Guid(b82014887f0305e4b8cb5b60bd93acb9) Importer(815301076,1909f56bfc062723c751e8b465ee728b)
Start importing Assets/Asset/Material/Grass_alpha.mat using Guid(b82014887f0305e4b8cb5b60bd93acb9) Importer(815301076,1909f56bfc062723c751e8b465ee728b)  -> (artifact id: 'e988c81ef304f3d5c9cb574e5feca7e8') in 0.017403 seconds 
========================================================================
Received Import Request.
  Time since last request: 0.000022 seconds.
  path: Assets/Asset/Material/Far_Environment 1.mat
  artifactKey: Guid(55a04a3e62ff3b34da14b033ecbce5a2) Importer(815301076,1909f56bfc062723c751e8b465ee728b)
Start importing Assets/Asset/Material/Far_Environment 1.mat using Guid(55a04a3e62ff3b34da14b033ecbce5a2) Importer(815301076,1909f56bfc062723c751e8b465ee728b)  -> (artifact id: '18d277e9feb3efe7a7d5e5bc94df6ed7') in 0.018601 seconds 
========================================================================
Received Import Request.
  Time since last request: 0.000035 seconds.
  path: Assets/Asset/Material/Skybox 1.mat
  artifactKey: Guid(8dc33f0662429d64688ae50aba4ea966) Importer(815301076,1909f56bfc062723c751e8b465ee728b)
Start importing Assets/Asset/Material/Skybox 1.mat using Guid(8dc33f0662429d64688ae50aba4ea966) Importer(815301076,1909f56bfc062723c751e8b465ee728b)  -> (artifact id: 'a015f02d36ba93dedae7c7152049326e') in 0.108967 seconds 
========================================================================
Received Import Request.
  Time since last request: 0.000027 seconds.
  path: Assets/Asset/Material/c02_f_happy.mat
  artifactKey: Guid(c1497ffdc260db34cbbd4c8692f4b9d5) Importer(815301076,1909f56bfc062723c751e8b465ee728b)
Start importing Assets/Asset/Material/c02_f_happy.mat using Guid(c1497ffdc260db34cbbd4c8692f4b9d5) Importer(815301076,1909f56bfc062723c751e8b465ee728b)  -> (artifact id: '7a0b34d8a1794447e187489175453e05') in 1.728683 seconds 
========================================================================
Received Import Request.
  Time since last request: 0.000043 seconds.
  path: Assets/Asset/Material/Cloud.mat
  artifactKey: Guid(9f443e9fe1bd68d4381617bcd72e838c) Importer(815301076,1909f56bfc062723c751e8b465ee728b)
Start importing Assets/Asset/Material/Cloud.mat using Guid(9f443e9fe1bd68d4381617bcd72e838c) Importer(815301076,1909f56bfc062723c751e8b465ee728b)  -> (artifact id: '3ad394b2bdb5697f5f4ed7ac9b22bdb5') in 1.892813 seconds 
========================================================================
Received Import Request.
  Time since last request: 0.000041 seconds.
  path: Assets/Asset/Material/c01_f_smile.mat
  artifactKey: Guid(2a42d76d99ac41542a7e51482ab01eab) Importer(815301076,1909f56bfc062723c751e8b465ee728b)
Start importing Assets/Asset/Material/c01_f_smile.mat using Guid(2a42d76d99ac41542a7e51482ab01eab) Importer(815301076,1909f56bfc062723c751e8b465ee728b)  -> (artifact id: '2a31e753d4fa5d430f76c1f8da45b535') in 0.015616 seconds 
========================================================================
Received Import Request.
  Time since last request: 0.000028 seconds.
  path: Assets/Asset/Material/Sun.mat
  artifactKey: Guid(bd34677e3b9e62940817f0f751d8d530) Importer(815301076,1909f56bfc062723c751e8b465ee728b)
Start importing Assets/Asset/Material/Sun.mat using Guid(bd34677e3b9e62940817f0f751d8d530) Importer(815301076,1909f56bfc062723c751e8b465ee728b)  -> (artifact id: '65457744cf420ce63e33621f68decc0a') in 0.016067 seconds 
========================================================================
Received Import Request.
  Time since last request: 0.000027 seconds.
  path: Assets/Asset/Material/c02_body.mat
  artifactKey: Guid(c9bea8c9db0bba74291eba1af0ad1538) Importer(815301076,1909f56bfc062723c751e8b465ee728b)
Start importing Assets/Asset/Material/c02_body.mat using Guid(c9bea8c9db0bba74291eba1af0ad1538) Importer(815301076,1909f56bfc062723c751e8b465ee728b)  -> (artifact id: '45f7c1180ff089fee371b66515538e46') in 0.020864 seconds 
========================================================================
Received Import Request.
  Time since last request: 0.000031 seconds.
  path: Assets/Asset/Material/Tree_Leaf_1.mat
  artifactKey: Guid(9693160f83839654e990b20a57b88145) Importer(815301076,1909f56bfc062723c751e8b465ee728b)
Start importing Assets/Asset/Material/Tree_Leaf_1.mat using Guid(9693160f83839654e990b20a57b88145) Importer(815301076,1909f56bfc062723c751e8b465ee728b)  -> (artifact id: '1a2cedfe191164242489d4def3c8692a') in 0.017155 seconds 
========================================================================
Received Import Request.
  Time since last request: 0.000030 seconds.
  path: Assets/Asset/Material/Cloud_sunset.mat
  artifactKey: Guid(692ff01f750cb9d44a1d520324c696e1) Importer(815301076,1909f56bfc062723c751e8b465ee728b)
Start importing Assets/Asset/Material/Cloud_sunset.mat using Guid(692ff01f750cb9d44a1d520324c696e1) Importer(815301076,1909f56bfc062723c751e8b465ee728b)  -> (artifact id: '96e0a49a42c760b7e9eea5bff089bd17') in 0.017375 seconds 
========================================================================
Received Import Request.
  Time since last request: 0.000056 seconds.
  path: Assets/Asset/Material/Tree_Leaf_2.mat
  artifactKey: Guid(4db3e23b5a31e854aac36f037132d66b) Importer(815301076,1909f56bfc062723c751e8b465ee728b)
Start importing Assets/Asset/Material/Tree_Leaf_2.mat using Guid(4db3e23b5a31e854aac36f037132d66b) Importer(815301076,1909f56bfc062723c751e8b465ee728b)  -> (artifact id: 'e8c71605cbf43470301496309bc041a9') in 0.016079 seconds 
========================================================================
Received Import Request.
  Time since last request: 0.000026 seconds.
  path: Assets/Asset/Material/c01_f_none.mat
  artifactKey: Guid(d6d7f253c38169946970a8a681392bbb) Importer(815301076,1909f56bfc062723c751e8b465ee728b)
Start importing Assets/Asset/Material/c01_f_none.mat using Guid(d6d7f253c38169946970a8a681392bbb) Importer(815301076,1909f56bfc062723c751e8b465ee728b)  -> (artifact id: '4e63a5a0f6121078006c4671525c99bc') in 0.018361 seconds 
========================================================================
Received Import Request.
  Time since last request: 0.000027 seconds.
  path: Assets/Asset/Material/c02_f_none.mat
  artifactKey: Guid(0c606237005cdc040a9ddac5ba65f0a3) Importer(815301076,1909f56bfc062723c751e8b465ee728b)
Start importing Assets/Asset/Material/c02_f_none.mat using Guid(0c606237005cdc040a9ddac5ba65f0a3) Importer(815301076,1909f56bfc062723c751e8b465ee728b)  -> (artifact id: 'd6fb518ee6e802f7abd095f18dbe9300') in 0.019257 seconds 
Editor requested this worker to shutdown with reason: Scaling down because of idle timeout
AssetImportWorker is now disconnected from the server
Process exiting
Exiting without the bug reporter. Application will terminate with return code 0