Using pre-set license
Built from '2021.3/staging' branch; Version is '2021.3.8f1 (b30333d56e81) revision 11731763'; Using compiler version '192829333'; Build Type 'Release'
OS: 'Windows 10  (10.0.19044) 64bit Professional' Language: 'ko' Physical Memory: 16318 MB
BatchMode: 1, IsHumanControllingUs: 0, StartBugReporterOnCrash: 0, Is64bit: 1, IsPro: 1

COMMAND LINE ARGUMENTS:
D:\Program Files\Unity\Hub\Editor\2021.3.8f1\Editor\Unity.exe
-adb2
-batchMode
-noUpm
-name
AssetImportWorker7
-projectPath
D:/문서2/GitHub/GGE_Farm
-logFile
Logs/AssetImportWorker7.log
-srvPort
57365
Successfully changed project path to: D:/문서2/GitHub/GGE_Farm
D:/문서2/GitHub/GGE_Farm
[UnityMemory] Configuration Parameters - Can be set up in boot.config
    "memorysetup-bucket-allocator-granularity=16"
    "memorysetup-bucket-allocator-bucket-count=8"
    "memorysetup-bucket-allocator-block-size=33554432"
    "memorysetup-bucket-allocator-block-count=8"
    "memorysetup-main-allocator-block-size=16777216"
    "memorysetup-thread-allocator-block-size=16777216"
    "memorysetup-gfx-main-allocator-block-size=16777216"
    "memorysetup-gfx-thread-allocator-block-size=16777216"
    "memorysetup-cache-allocator-block-size=4194304"
    "memorysetup-typetree-allocator-block-size=2097152"
    "memorysetup-profiler-bucket-allocator-granularity=16"
    "memorysetup-profiler-bucket-allocator-bucket-count=8"
    "memorysetup-profiler-bucket-allocator-block-size=33554432"
    "memorysetup-profiler-bucket-allocator-block-count=8"
    "memorysetup-profiler-allocator-block-size=16777216"
    "memorysetup-profiler-editor-allocator-block-size=1048576"
    "memorysetup-temp-allocator-size-main=16777216"
    "memorysetup-job-temp-allocator-block-size=2097152"
    "memorysetup-job-temp-allocator-block-size-background=1048576"
    "memorysetup-job-temp-allocator-reduction-small-platforms=262144"
    "memorysetup-temp-allocator-size-background-worker=32768"
    "memorysetup-temp-allocator-size-job-worker=262144"
    "memorysetup-temp-allocator-size-preload-manager=33554432"
    "memorysetup-temp-allocator-size-nav-mesh-worker=65536"
    "memorysetup-temp-allocator-size-audio-worker=65536"
    "memorysetup-temp-allocator-size-cloud-worker=32768"
    "memorysetup-temp-allocator-size-gi-baking-worker=262144"
    "memorysetup-temp-allocator-size-gfx=262144"
Refreshing native plugins compatible for Editor in 122.60 ms, found 5 plugins.
Preloading 0 native plugins for Editor in 0.00 ms.
Initialize engine version: 2021.3.8f1 (b30333d56e81)
[Subsystems] Discovering subsystems at path D:/Program Files/Unity/Hub/Editor/2021.3.8f1/Editor/Data/Resources/UnitySubsystems
[Subsystems] Discovering subsystems at path D:/문서2/GitHub/GGE_Farm/Assets
GfxDevice: creating device client; threaded=0; jobified=0
Direct3D:
    Version:  Direct3D 11.0 [level 11.1]
    Renderer: NVIDIA GeForce GTX 1060 3GB (ID=0x1c02)
    Vendor:   NVIDIA
    VRAM:     2988 MB
    Driver:   31.0.15.1694
Initialize mono
Mono path[0] = 'D:/Program Files/Unity/Hub/Editor/2021.3.8f1/Editor/Data/Managed'
Mono path[1] = 'D:/Program Files/Unity/Hub/Editor/2021.3.8f1/Editor/Data/MonoBleedingEdge/lib/mono/unityjit-win32'
Mono config path = 'D:/Program Files/Unity/Hub/Editor/2021.3.8f1/Editor/Data/MonoBleedingEdge/etc'
Using monoOptions --debugger-agent=transport=dt_socket,embedding=1,server=y,suspend=n,address=127.0.0.1:56400
Begin MonoManager ReloadAssembly
Registering precompiled unity dll's ...
Register platform support module: D:/Program Files/Unity/Hub/Editor/2021.3.8f1/Editor/Data/PlaybackEngines/WindowsStandaloneSupport/UnityEditor.WindowsStandalone.Extensions.dll
Registered in 0.003645 seconds.
Native extension for WindowsStandalone target not found
Refreshing native plugins compatible for Editor in 96.53 ms, found 5 plugins.
Preloading 0 native plugins for Editor in 0.00 ms.
Mono: successfully reloaded assembly
- Completed reload, in  0.928 seconds
Domain Reload Profiling:
	ReloadAssembly (929ms)
		BeginReloadAssembly (84ms)
			ExecutionOrderSort (0ms)
			DisableScriptedObjects (0ms)
			BackupInstance (0ms)
			ReleaseScriptingObjects (0ms)
			CreateAndSetChildDomain (1ms)
		EndReloadAssembly (625ms)
			LoadAssemblies (84ms)
			RebuildTransferFunctionScriptingTraits (0ms)
			SetupTypeCache (236ms)
			ReleaseScriptCaches (0ms)
			RebuildScriptCaches (24ms)
			SetupLoadedEditorAssemblies (321ms)
				LogAssemblyErrors (0ms)
				InitializePlatformSupportModulesInManaged (6ms)
				SetLoadedEditorAssemblies (0ms)
				RefreshPlugins (97ms)
				BeforeProcessingInitializeOnLoad (1ms)
				ProcessInitializeOnLoadAttributes (104ms)
				ProcessInitializeOnLoadMethodAttributes (113ms)
				AfterProcessingInitializeOnLoad (0ms)
				EditorAssembliesLoaded (0ms)
			ExecutionOrderSort2 (0ms)
			AwakeInstancesAfterBackupRestoration (0ms)
Platform modules already initialized, skipping
Registering precompiled user dll's ...
Registered in 0.007612 seconds.
Begin MonoManager ReloadAssembly
Symbol file LoadedFromMemory doesn't match image D:\문서2\GitHub\GGE_Farm\Library\PackageCache\com.unity.visualscripting@1.7.8\Editor\VisualScripting.Core\Dependencies\YamlDotNet\Unity.VisualScripting.YamlDotNet.dll
Symbol file LoadedFromMemory doesn't match image D:\문서2\GitHub\GGE_Farm\Library\PackageCache\com.unity.visualscripting@1.7.8\Editor\VisualScripting.Core\Dependencies\DotNetZip\Unity.VisualScripting.IonicZip.dll
Native extension for WindowsStandalone target not found
Refreshing native plugins compatible for Editor in 107.44 ms, found 5 plugins.
Preloading 0 native plugins for Editor in 0.00 ms.
Mono: successfully reloaded assembly
- Completed reload, in  1.422 seconds
Domain Reload Profiling:
	ReloadAssembly (1423ms)
		BeginReloadAssembly (117ms)
			ExecutionOrderSort (0ms)
			DisableScriptedObjects (5ms)
			BackupInstance (0ms)
			ReleaseScriptingObjects (0ms)
			CreateAndSetChildDomain (17ms)
		EndReloadAssembly (1218ms)
			LoadAssemblies (107ms)
			RebuildTransferFunctionScriptingTraits (0ms)
			SetupTypeCache (252ms)
			ReleaseScriptCaches (1ms)
			RebuildScriptCaches (57ms)
			SetupLoadedEditorAssemblies (786ms)
				LogAssemblyErrors (0ms)
				InitializePlatformSupportModulesInManaged (10ms)
				SetLoadedEditorAssemblies (0ms)
				RefreshPlugins (108ms)
				BeforeProcessingInitializeOnLoad (134ms)
				ProcessInitializeOnLoadAttributes (451ms)
				ProcessInitializeOnLoadMethodAttributes (80ms)
				AfterProcessingInitializeOnLoad (3ms)
				EditorAssembliesLoaded (0ms)
			ExecutionOrderSort2 (0ms)
			AwakeInstancesAfterBackupRestoration (11ms)
Platform modules already initialized, skipping
========================================================================
Worker process is ready to serve import requests
Launched and connected shader compiler UnityShaderCompiler.exe after 0.15 seconds
Refreshing native plugins compatible for Editor in 1.44 ms, found 5 plugins.
Preloading 0 native plugins for Editor in 0.00 ms.
Unloading 5382 Unused Serialized files (Serialized files now loaded: 0)
Unloading 54 unused Assets / (1.9 MB). Loaded Objects now: 5828.
Memory consumption went from 221.4 MB to 219.5 MB.
Total: 7.203100 ms (FindLiveObjects: 0.488900 ms CreateObjectMapping: 0.586500 ms MarkObjects: 5.567800 ms  DeleteObjects: 0.558900 ms)

AssetImportParameters requested are different than current active one (requested -> active):
  custom:video-decoder-ogg-theora: a1e56fd34408186e4bbccfd4996cb3dc -> 
  custom:container-muxer-webm: aa71ff27fc2769a1b78a27578f13a17b -> 
  custom:container-demuxer-webm: 4f35f7cbe854078d1ac9338744f61a02 -> 
  custom:video-encoder-webm-vp8: eb34c28f22e8b96e1ab97ce403110664 -> 
  custom:audio-encoder-webm-vorbis: bf7c407c2cedff20999df2af8eb42d56 -> 
  custom:framework-win-MediaFoundation: 216162199b28c13a410421893ffa2e32 -> 
  custom:container-demuxer-ogg: 62fdf1f143b41e24485cea50d1cbac27 -> 
  custom:video-decoder-webm-vp8: 9c59270c3fd7afecdb556c50c9e8de78 -> 
  custom:audio-decoder-ogg-vorbis: bf7c407c2cedff20999df2af8eb42d56 -> 
========================================================================
Received Import Request.
  Time since last request: 104920.703143 seconds.
  path: Assets/Asset/Mesh/bridge.fbx
  artifactKey: Guid(e14c7c8cd12b9464ba635c9e6c05867b) Importer(815301076,1909f56bfc062723c751e8b465ee728b)
Start importing Assets/Asset/Mesh/bridge.fbx using Guid(e14c7c8cd12b9464ba635c9e6c05867b) Importer(815301076,1909f56bfc062723c751e8b465ee728b)  -> (artifact id: '6f871f71b8fe2cf33fa39edb9b41fa25') in 0.367999 seconds 
========================================================================
Received Import Request.
  Time since last request: 0.381388 seconds.
  path: Assets/Asset/Mesh/home_dummy.fbx
  artifactKey: Guid(1a7b1a4acbeb48a42aae8dd89f797ed1) Importer(815301076,1909f56bfc062723c751e8b465ee728b)
Start importing Assets/Asset/Mesh/home_dummy.fbx using Guid(1a7b1a4acbeb48a42aae8dd89f797ed1) Importer(815301076,1909f56bfc062723c751e8b465ee728b)  -> (artifact id: '81226115af8b577054b445580039ed65') in 0.033085 seconds 
========================================================================
Received Import Request.
  Time since last request: 0.277951 seconds.
  path: Assets/Asset/Mesh/watering_can.fbx
  artifactKey: Guid(4966ab3177ba2a844bfa024abb62c441) Importer(815301076,1909f56bfc062723c751e8b465ee728b)
Start importing Assets/Asset/Mesh/watering_can.fbx using Guid(4966ab3177ba2a844bfa024abb62c441) Importer(815301076,1909f56bfc062723c751e8b465ee728b)  -> (artifact id: 'e0b2c0eb8cca49e53aea9d23266eadc5') in 0.054619 seconds 
========================================================================
Received Import Request.
  Time since last request: 0.000022 seconds.
  path: Assets/Asset/Mesh/character (1).fbx
  artifactKey: Guid(24763b610aaa4e74fa9b92e1dabee3ad) Importer(815301076,1909f56bfc062723c751e8b465ee728b)
Start importing Assets/Asset/Mesh/character (1).fbx using Guid(24763b610aaa4e74fa9b92e1dabee3ad) Importer(815301076,1909f56bfc062723c751e8b465ee728b)  -> (artifact id: '90485f65ea0ccebcddee5fa3f22c2872') in 0.058083 seconds 
========================================================================
Received Import Request.
  Time since last request: 1.690174 seconds.
  path: Assets/Asset/Mesh/Cliff_Cube2.fbx
  artifactKey: Guid(3627b72fc85e3434395ef45707848341) Importer(815301076,1909f56bfc062723c751e8b465ee728b)
Start importing Assets/Asset/Mesh/Cliff_Cube2.fbx using Guid(3627b72fc85e3434395ef45707848341) Importer(815301076,1909f56bfc062723c751e8b465ee728b)  -> (artifact id: '049b20226e8f2fb09c064d27f716692e') in 0.066700 seconds 
========================================================================
Received Import Request.
  Time since last request: 0.000030 seconds.
  path: Assets/Asset/Mesh/Soil_Rim.fbx
  artifactKey: Guid(ed4b3e617b797ec46a0dc725438f6492) Importer(815301076,1909f56bfc062723c751e8b465ee728b)
Start importing Assets/Asset/Mesh/Soil_Rim.fbx using Guid(ed4b3e617b797ec46a0dc725438f6492) Importer(815301076,1909f56bfc062723c751e8b465ee728b)  -> (artifact id: '20b8d5ba744606318d46c6f0cd40086c') in 0.045865 seconds 
========================================================================
Received Import Request.
  Time since last request: 6.569583 seconds.
  path: Assets/Asset/Mesh/Tree_Trunk.fbx
  artifactKey: Guid(9e81876a77196c042b977263ccd00d0a) Importer(815301076,1909f56bfc062723c751e8b465ee728b)
Start importing Assets/Asset/Mesh/Tree_Trunk.fbx using Guid(9e81876a77196c042b977263ccd00d0a) Importer(815301076,1909f56bfc062723c751e8b465ee728b)  -> (artifact id: '9633b42d7e7e48266f40bd5111254d4c') in 0.203044 seconds 
Editor requested this worker to shutdown with reason: Scaling down because of idle timeout
AssetImportWorker is now disconnected from the server
Process exiting
Exiting without the bug reporter. Application will terminate with return code 0