Using pre-set license
Built from '2021.3/staging' branch; Version is '2021.3.8f1 (b30333d56e81) revision 11731763'; Using compiler version '192829333'; Build Type 'Release'
OS: 'Windows 10  (10.0.19044) 64bit Core' Language: 'ko' Physical Memory: 32699 MB
BatchMode: 1, IsHumanControllingUs: 0, StartBugReporterOnCrash: 0, Is64bit: 1, IsPro: 1

COMMAND LINE ARGUMENTS:
C:\Program Files\Unity\Hub\Editor\2021.3.8f1\Editor\Unity.exe
-adb2
-batchMode
-noUpm
-name
AssetImportWorker10
-projectPath
C:/Users/user/Documents/GitHub/GGE_Farm
-logFile
Logs/AssetImportWorker10.log
-srvPort
5397
Successfully changed project path to: C:/Users/user/Documents/GitHub/GGE_Farm
C:/Users/user/Documents/GitHub/GGE_Farm
[UnityMemory] Configuration Parameters - Can be set up in boot.config
    "memorysetup-bucket-allocator-granularity=16"
    "memorysetup-bucket-allocator-bucket-count=8"
    "memorysetup-bucket-allocator-block-size=33554432"
    "memorysetup-bucket-allocator-block-count=8"
    "memorysetup-main-allocator-block-size=16777216"
    "memorysetup-thread-allocator-block-size=16777216"
    "memorysetup-gfx-main-allocator-block-size=16777216"
    "memorysetup-gfx-thread-allocator-block-size=16777216"
    "memorysetup-cache-allocator-block-size=4194304"
    "memorysetup-typetree-allocator-block-size=2097152"
    "memorysetup-profiler-bucket-allocator-granularity=16"
    "memorysetup-profiler-bucket-allocator-bucket-count=8"
    "memorysetup-profiler-bucket-allocator-block-size=33554432"
    "memorysetup-profiler-bucket-allocator-block-count=8"
    "memorysetup-profiler-allocator-block-size=16777216"
    "memorysetup-profiler-editor-allocator-block-size=1048576"
    "memorysetup-temp-allocator-size-main=16777216"
    "memorysetup-job-temp-allocator-block-size=2097152"
    "memorysetup-job-temp-allocator-block-size-background=1048576"
    "memorysetup-job-temp-allocator-reduction-small-platforms=262144"
    "memorysetup-temp-allocator-size-background-worker=32768"
    "memorysetup-temp-allocator-size-job-worker=262144"
    "memorysetup-temp-allocator-size-preload-manager=33554432"
    "memorysetup-temp-allocator-size-nav-mesh-worker=65536"
    "memorysetup-temp-allocator-size-audio-worker=65536"
    "memorysetup-temp-allocator-size-cloud-worker=32768"
    "memorysetup-temp-allocator-size-gi-baking-worker=262144"
    "memorysetup-temp-allocator-size-gfx=262144"
Refreshing native plugins compatible for Editor in 106.22 ms, found 5 plugins.
Preloading 0 native plugins for Editor in 0.00 ms.
Initialize engine version: 2021.3.8f1 (b30333d56e81)
[Subsystems] Discovering subsystems at path C:/Program Files/Unity/Hub/Editor/2021.3.8f1/Editor/Data/Resources/UnitySubsystems
[Subsystems] Discovering subsystems at path C:/Users/user/Documents/GitHub/GGE_Farm/Assets
GfxDevice: creating device client; threaded=0; jobified=0
Direct3D:
    Version:  Direct3D 11.0 [level 11.1]
    Renderer: NVIDIA GeForce GTX 1660 SUPER (ID=0x21c4)
    Vendor:   NVIDIA
    VRAM:     5991 MB
    Driver:   31.0.15.1694
Initialize mono
Mono path[0] = 'C:/Program Files/Unity/Hub/Editor/2021.3.8f1/Editor/Data/Managed'
Mono path[1] = 'C:/Program Files/Unity/Hub/Editor/2021.3.8f1/Editor/Data/MonoBleedingEdge/lib/mono/unityjit-win32'
Mono config path = 'C:/Program Files/Unity/Hub/Editor/2021.3.8f1/Editor/Data/MonoBleedingEdge/etc'
Using monoOptions --debugger-agent=transport=dt_socket,embedding=1,server=y,suspend=n,address=127.0.0.1:56196
Begin MonoManager ReloadAssembly
Registering precompiled unity dll's ...
Register platform support module: C:/Program Files/Unity/Hub/Editor/2021.3.8f1/Editor/Data/PlaybackEngines/WindowsStandaloneSupport/UnityEditor.WindowsStandalone.Extensions.dll
Registered in 0.006282 seconds.
Native extension for WindowsStandalone target not found
Refreshing native plugins compatible for Editor in 111.18 ms, found 5 plugins.
Preloading 0 native plugins for Editor in 0.00 ms.
Mono: successfully reloaded assembly
- Completed reload, in  0.605 seconds
Domain Reload Profiling:
	ReloadAssembly (605ms)
		BeginReloadAssembly (67ms)
			ExecutionOrderSort (0ms)
			DisableScriptedObjects (0ms)
			BackupInstance (0ms)
			ReleaseScriptingObjects (0ms)
			CreateAndSetChildDomain (1ms)
		EndReloadAssembly (432ms)
			LoadAssemblies (65ms)
			RebuildTransferFunctionScriptingTraits (0ms)
			SetupTypeCache (95ms)
			ReleaseScriptCaches (0ms)
			RebuildScriptCaches (24ms)
			SetupLoadedEditorAssemblies (268ms)
				LogAssemblyErrors (0ms)
				InitializePlatformSupportModulesInManaged (7ms)
				SetLoadedEditorAssemblies (0ms)
				RefreshPlugins (111ms)
				BeforeProcessingInitializeOnLoad (1ms)
				ProcessInitializeOnLoadAttributes (107ms)
				ProcessInitializeOnLoadMethodAttributes (41ms)
				AfterProcessingInitializeOnLoad (0ms)
				EditorAssembliesLoaded (0ms)
			ExecutionOrderSort2 (0ms)
			AwakeInstancesAfterBackupRestoration (0ms)
Platform modules already initialized, skipping
Registering precompiled user dll's ...
Registered in 0.007754 seconds.
Begin MonoManager ReloadAssembly
Symbol file LoadedFromMemory doesn't match image C:\Users\user\Documents\GitHub\GGE_Farm\Library\PackageCache\com.unity.visualscripting@1.7.8\Editor\VisualScripting.Core\Dependencies\YamlDotNet\Unity.VisualScripting.YamlDotNet.dll
Symbol file LoadedFromMemory doesn't match image C:\Users\user\Documents\GitHub\GGE_Farm\Library\PackageCache\com.unity.visualscripting@1.7.8\Editor\VisualScripting.Core\Dependencies\DotNetZip\Unity.VisualScripting.IonicZip.dll
Native extension for WindowsStandalone target not found
Refreshing native plugins compatible for Editor in 134.20 ms, found 5 plugins.
Preloading 0 native plugins for Editor in 0.00 ms.
Mono: successfully reloaded assembly
- Completed reload, in  1.263 seconds
Domain Reload Profiling:
	ReloadAssembly (1264ms)
		BeginReloadAssembly (105ms)
			ExecutionOrderSort (0ms)
			DisableScriptedObjects (5ms)
			BackupInstance (0ms)
			ReleaseScriptingObjects (0ms)
			CreateAndSetChildDomain (18ms)
		EndReloadAssembly (1055ms)
			LoadAssemblies (81ms)
			RebuildTransferFunctionScriptingTraits (0ms)
			SetupTypeCache (244ms)
			ReleaseScriptCaches (1ms)
			RebuildScriptCaches (76ms)
			SetupLoadedEditorAssemblies (611ms)
				LogAssemblyErrors (0ms)
				InitializePlatformSupportModulesInManaged (15ms)
				SetLoadedEditorAssemblies (0ms)
				RefreshPlugins (134ms)
				BeforeProcessingInitializeOnLoad (164ms)
				ProcessInitializeOnLoadAttributes (211ms)
				ProcessInitializeOnLoadMethodAttributes (79ms)
				AfterProcessingInitializeOnLoad (7ms)
				EditorAssembliesLoaded (0ms)
			ExecutionOrderSort2 (0ms)
			AwakeInstancesAfterBackupRestoration (5ms)
Platform modules already initialized, skipping
========================================================================
Worker process is ready to serve import requests
Launched and connected shader compiler UnityShaderCompiler.exe after 0.04 seconds
Refreshing native plugins compatible for Editor in 0.99 ms, found 5 plugins.
Preloading 0 native plugins for Editor in 0.00 ms.
Unloading 5420 Unused Serialized files (Serialized files now loaded: 0)
Unloading 54 unused Assets / (1.9 MB). Loaded Objects now: 5862.
Memory consumption went from 220.1 MB to 218.2 MB.
Total: 4.082400 ms (FindLiveObjects: 0.485200 ms CreateObjectMapping: 0.149600 ms MarkObjects: 2.793100 ms  DeleteObjects: 0.653100 ms)

AssetImportParameters requested are different than current active one (requested -> active):
  custom:video-decoder-ogg-theora: a1e56fd34408186e4bbccfd4996cb3dc -> 
  custom:container-muxer-webm: aa71ff27fc2769a1b78a27578f13a17b -> 
  custom:container-demuxer-webm: 4f35f7cbe854078d1ac9338744f61a02 -> 
  custom:video-encoder-webm-vp8: eb34c28f22e8b96e1ab97ce403110664 -> 
  custom:audio-encoder-webm-vorbis: bf7c407c2cedff20999df2af8eb42d56 -> 
  custom:framework-win-MediaFoundation: 216162199b28c13a410421893ffa2e32 -> 
  custom:container-demuxer-ogg: 62fdf1f143b41e24485cea50d1cbac27 -> 
  custom:video-decoder-webm-vp8: 9c59270c3fd7afecdb556c50c9e8de78 -> 
  custom:audio-decoder-ogg-vorbis: bf7c407c2cedff20999df2af8eb42d56 -> 
========================================================================
Received Import Request.
  Time since last request: 30620.511894 seconds.
  path: Assets/Asset/Prefab/Bush.prefab
  artifactKey: Guid(40fe322a35e670f4cbd096033ae6fa4e) Importer(815301076,1909f56bfc062723c751e8b465ee728b)
Start importing Assets/Asset/Prefab/Bush.prefab using Guid(40fe322a35e670f4cbd096033ae6fa4e) Importer(815301076,1909f56bfc062723c751e8b465ee728b)  -> (artifact id: 'bbee82bb61fe19f2a9e4963dddd63f96') in 0.278357 seconds 
========================================================================
Received Import Request.
  Time since last request: 0.000025 seconds.
  path: Assets/Asset/Prefab/Paper.prefab
  artifactKey: Guid(fb6058e93b80b51458b005d8c868d4a5) Importer(815301076,1909f56bfc062723c751e8b465ee728b)
Start importing Assets/Asset/Prefab/Paper.prefab using Guid(fb6058e93b80b51458b005d8c868d4a5) Importer(815301076,1909f56bfc062723c751e8b465ee728b)  -> (artifact id: '93d6cc9ed4dadbf3b7912403a654b2a5') in 0.019286 seconds 
========================================================================
Received Import Request.
  Time since last request: 0.000046 seconds.
  path: Assets/Asset/Prefab/Cube_Tree_stem.005.prefab
  artifactKey: Guid(71048141b02af7f4c85fb91333b3c43e) Importer(815301076,1909f56bfc062723c751e8b465ee728b)
Start importing Assets/Asset/Prefab/Cube_Tree_stem.005.prefab using Guid(71048141b02af7f4c85fb91333b3c43e) Importer(815301076,1909f56bfc062723c751e8b465ee728b)  -> (artifact id: '9b4f57531e83c212f899ea2ce564cfae') in 0.025105 seconds 
========================================================================
Received Import Request.
  Time since last request: 0.000036 seconds.
  path: Assets/Asset/Prefab/Hoe.prefab
  artifactKey: Guid(84db5b1fa74a2c140a20d68924d6c77a) Importer(815301076,1909f56bfc062723c751e8b465ee728b)
Start importing Assets/Asset/Prefab/Hoe.prefab using Guid(84db5b1fa74a2c140a20d68924d6c77a) Importer(815301076,1909f56bfc062723c751e8b465ee728b)  -> (artifact id: '69e738f72571689c463756ac3a8a5012') in 0.016794 seconds 
========================================================================
Received Import Request.
  Time since last request: 0.000026 seconds.
  path: Assets/Asset/Prefab/watering_can.prefab
  artifactKey: Guid(da5ae72aef9df20418fe2f5fe3d08bfd) Importer(815301076,1909f56bfc062723c751e8b465ee728b)
Start importing Assets/Asset/Prefab/watering_can.prefab using Guid(da5ae72aef9df20418fe2f5fe3d08bfd) Importer(815301076,1909f56bfc062723c751e8b465ee728b)  -> (artifact id: '6d0765dfd566eb92b9c5471e389fa36b') in 0.014502 seconds 
========================================================================
Received Import Request.
  Time since last request: 79.830722 seconds.
  path: Assets/Stylized Water For URP/Meshes/Square Plane.fbx
  artifactKey: Guid(fb606524fcd88254ba3dad41413af47c) Importer(815301076,1909f56bfc062723c751e8b465ee728b)
Start importing Assets/Stylized Water For URP/Meshes/Square Plane.fbx using Guid(fb606524fcd88254ba3dad41413af47c) Importer(815301076,1909f56bfc062723c751e8b465ee728b)  -> (artifact id: '4d2eb14b80f020322d5d6eaf5bb180f2') in 0.073410 seconds 
========================================================================
Received Import Request.
  Time since last request: 1.477108 seconds.
  path: Assets/Stylized Water For URP/Meshes/Hexagonal Plane.fbx
  artifactKey: Guid(3a3d08dbcecd2834e906f945a31ac7c7) Importer(815301076,1909f56bfc062723c751e8b465ee728b)
Start importing Assets/Stylized Water For URP/Meshes/Hexagonal Plane.fbx using Guid(3a3d08dbcecd2834e906f945a31ac7c7) Importer(815301076,1909f56bfc062723c751e8b465ee728b)  -> (artifact id: '646cfc507c0400529ae45a001b8792a4') in 0.022792 seconds 
========================================================================
Received Import Request.
  Time since last request: 0.290895 seconds.
  path: Assets/Stylized Water For URP/Meshes/Circular Plane.fbx
  artifactKey: Guid(a4328de531d19f2429bc9f98f0e9f9c6) Importer(815301076,1909f56bfc062723c751e8b465ee728b)
Start importing Assets/Stylized Water For URP/Meshes/Circular Plane.fbx using Guid(a4328de531d19f2429bc9f98f0e9f9c6) Importer(815301076,1909f56bfc062723c751e8b465ee728b)  -> (artifact id: 'a6c03aa055a13807fb9f5942a273ff9c') in 0.026611 seconds 
========================================================================
Received Import Request.
  Time since last request: 81.494787 seconds.
  path: Assets/Asset/Mesh/Company.fbx
  artifactKey: Guid(56a72f428dfdc0d4581aa2834674743c) Importer(815301076,1909f56bfc062723c751e8b465ee728b)
Start importing Assets/Asset/Mesh/Company.fbx using Guid(56a72f428dfdc0d4581aa2834674743c) Importer(815301076,1909f56bfc062723c751e8b465ee728b)  -> (artifact id: 'b6d2c340fe2d3111b79cea38ce78d3fd') in 0.056165 seconds 
========================================================================
Received Import Request.
  Time since last request: 591.314438 seconds.
  path: Assets/ScreenShot/2022-11-23_05-58-50.png
  artifactKey: Guid(8e04c971f1966c04f98d7752bb1f87aa) Importer(815301076,1909f56bfc062723c751e8b465ee728b)
Start importing Assets/ScreenShot/2022-11-23_05-58-50.png using Guid(8e04c971f1966c04f98d7752bb1f87aa) Importer(815301076,1909f56bfc062723c751e8b465ee728b)  -> (artifact id: '4463c5e371714868e8c295bcf1b48a78') in 0.028280 seconds 
========================================================================
Received Import Request.
  Time since last request: 311.866155 seconds.
  path: Assets/ScreenShot/2022-11-23_06-04-02.png
  artifactKey: Guid(39917c4cfd24bdf42ad137cab9f95acf) Importer(815301076,1909f56bfc062723c751e8b465ee728b)
Start importing Assets/ScreenShot/2022-11-23_06-04-02.png using Guid(39917c4cfd24bdf42ad137cab9f95acf) Importer(815301076,1909f56bfc062723c751e8b465ee728b)  -> (artifact id: '5ddfd9e5829488a6b8723c74547e7117') in 0.039907 seconds 
========================================================================
Received Import Request.
  Time since last request: 295.922168 seconds.
  path: Assets/ScreenShot/2022-11-23_06-08-58.png
  artifactKey: Guid(98c7cb1debc4dbf43b01b8943a110ab9) Importer(815301076,1909f56bfc062723c751e8b465ee728b)
Start importing Assets/ScreenShot/2022-11-23_06-08-58.png using Guid(98c7cb1debc4dbf43b01b8943a110ab9) Importer(815301076,1909f56bfc062723c751e8b465ee728b)  -> (artifact id: '61735853cab65d97a0a493f4d49fa0f9') in 0.012566 seconds 
========================================================================
Received Import Request.
  Time since last request: 5.183943 seconds.
  path: Assets/ScreenShot/2022-11-23_06-09-03.png
  artifactKey: Guid(98e833187709fb740b69e6c3b798a7b7) Importer(815301076,1909f56bfc062723c751e8b465ee728b)
Start importing Assets/ScreenShot/2022-11-23_06-09-03.png using Guid(98e833187709fb740b69e6c3b798a7b7) Importer(815301076,1909f56bfc062723c751e8b465ee728b)  -> (artifact id: 'd1889266798799cdd4643a1727815650') in 0.015153 seconds 
========================================================================
Received Import Request.
  Time since last request: 209.242682 seconds.
  path: Assets/ScreenShot/2022-11-23_06-12-33.png
  artifactKey: Guid(5308c242a0298d748b13ed44ff80621d) Importer(815301076,1909f56bfc062723c751e8b465ee728b)
Start importing Assets/ScreenShot/2022-11-23_06-12-33.png using Guid(5308c242a0298d748b13ed44ff80621d) Importer(815301076,1909f56bfc062723c751e8b465ee728b)  -> (artifact id: '2f549d1e026760d196c4690127776772') in 0.011962 seconds 
========================================================================
Received Import Request.
  Time since last request: 171.496357 seconds.
  path: Assets/ScreenShot/2022-11-23_06-15-24.png
  artifactKey: Guid(1590204cac256ee4097e42d6a2cc52aa) Importer(815301076,1909f56bfc062723c751e8b465ee728b)
Start importing Assets/ScreenShot/2022-11-23_06-15-24.png using Guid(1590204cac256ee4097e42d6a2cc52aa) Importer(815301076,1909f56bfc062723c751e8b465ee728b)  -> (artifact id: '3852a96d6c3c16cf3663f59a87d1ae42') in 0.012954 seconds 
========================================================================
Received Import Request.
  Time since last request: 48.565131 seconds.
  path: Assets/ScreenShot/2022-11-23_06-16-13.png
  artifactKey: Guid(cadb823aaab4cee449705f4ff948692e) Importer(815301076,1909f56bfc062723c751e8b465ee728b)
Start importing Assets/ScreenShot/2022-11-23_06-16-13.png using Guid(cadb823aaab4cee449705f4ff948692e) Importer(815301076,1909f56bfc062723c751e8b465ee728b)  -> (artifact id: '4f2aaf83bd3bae284d10d95b874f6d74') in 0.011797 seconds 
========================================================================
Received Import Request.
  Time since last request: 9.378439 seconds.
  path: Assets/ScreenShot/2022-11-23_06-16-22.png
  artifactKey: Guid(71e43ced5fafaf847b0f5b6c5c2440cd) Importer(815301076,1909f56bfc062723c751e8b465ee728b)
Start importing Assets/ScreenShot/2022-11-23_06-16-22.png using Guid(71e43ced5fafaf847b0f5b6c5c2440cd) Importer(815301076,1909f56bfc062723c751e8b465ee728b)  -> (artifact id: '90977d86dce45f54d99313e4ff1fa413') in 0.018871 seconds 
========================================================================
Received Import Request.
  Time since last request: 101.256903 seconds.
  path: Assets/Scenes/Office/LightingData.asset
  artifactKey: Guid(7b4fbe487e437394bae9f574e2fe4fbf) Importer(815301076,1909f56bfc062723c751e8b465ee728b)
Start importing Assets/Scenes/Office/LightingData.asset using Guid(7b4fbe487e437394bae9f574e2fe4fbf) Importer(815301076,1909f56bfc062723c751e8b465ee728b)  -> (artifact id: '77716b10907d212fc716190b6fb03870') in 0.005497 seconds 
